This is pdfTeX, Version 3.14159265-2.6-1.40.17 (TeX Live 2016) (preloaded format=pdflatex 2018.1.21)  5 MAR 2018 19:54
entering extended mode
 restricted \write18 enabled.
 %&-line parsing enabled.
**biswas-thesis.tex
(./biswas-thesis.tex
LaTeX2e <2016/03/31>
Babel <3.9r> and hyphenation patterns for 79 language(s) loaded.
(./utthesis.cls
utthesis.cls
ver 2.1.0
Updated by Darrin Weber
April 19, 2017
Many parts and settings of this class are based on the template provided by Dav
id L. Page and updated by Tony Saad.
Document Class: utthesis 
(/usr/share/texlive/texmf-dist/tex/latex/base/report.cls
Document Class: report 2014/09/29 v1.4h Standard LaTeX document class
(/usr/share/texlive/texmf-dist/tex/latex/base/size12.clo
File: size12.clo 2014/09/29 v1.4h Standard LaTeX file (size option)
)
\c@part=\count79
\c@chapter=\count80
\c@section=\count81
\c@subsection=\count82
\c@subsubsection=\count83
\c@paragraph=\count84
\c@subparagraph=\count85
\c@figure=\count86
\c@table=\count87
\abovecaptionskip=\skip41
\belowcaptionskip=\skip42
\bibindent=\dimen102
)
(/usr/share/texlive/texmf-dist/tex/latex/amsmath/amsmath.sty
Package: amsmath 2016/06/28 v2.15d AMS math features
\@mathmargin=\skip43

For additional information on amsmath, use the `?' option.
(/usr/share/texlive/texmf-dist/tex/latex/amsmath/amstext.sty
Package: amstext 2000/06/29 v2.01 AMS text

(/usr/share/texlive/texmf-dist/tex/latex/amsmath/amsgen.sty
File: amsgen.sty 1999/11/30 v2.0 generic functions
\@emptytoks=\toks14
\ex@=\dimen103
))
(/usr/share/texlive/texmf-dist/tex/latex/amsmath/amsbsy.sty
Package: amsbsy 1999/11/29 v1.2d Bold Symbols
\pmbraise@=\dimen104
)
(/usr/share/texlive/texmf-dist/tex/latex/amsmath/amsopn.sty
Package: amsopn 2016/03/08 v2.02 operator names
)
\inf@bad=\count88
LaTeX Info: Redefining \frac on input line 199.
\uproot@=\count89
\leftroot@=\count90
LaTeX Info: Redefining \overline on input line 297.
\classnum@=\count91
\DOTSCASE@=\count92
LaTeX Info: Redefining \ldots on input line 394.
LaTeX Info: Redefining \dots on input line 397.
LaTeX Info: Redefining \cdots on input line 518.
\Mathstrutbox@=\box26
\strutbox@=\box27
\big@size=\dimen105
LaTeX Font Info:    Redeclaring font encoding OML on input line 634.
LaTeX Font Info:    Redeclaring font encoding OMS on input line 635.
\macc@depth=\count93
\c@MaxMatrixCols=\count94
\dotsspace@=\muskip10
\c@parentequation=\count95
\dspbrk@lvl=\count96
\tag@help=\toks15
\row@=\count97
\column@=\count98
\maxfields@=\count99
\andhelp@=\toks16
\eqnshift@=\dimen106
\alignsep@=\dimen107
\tagshift@=\dimen108
\tagwidth@=\dimen109
\totwidth@=\dimen110
\lineht@=\dimen111
\@envbody=\toks17
\multlinegap=\skip44
\multlinetaggap=\skip45
\mathdisplay@stack=\toks18
LaTeX Info: Redefining \[ on input line 2739.
LaTeX Info: Redefining \] on input line 2740.
)
(/usr/share/texlive/texmf-dist/tex/latex/amscls/amsthm.sty
Package: amsthm 2015/03/04 v2.20.2
\thm@style=\toks19
\thm@bodyfont=\toks20
\thm@headfont=\toks21
\thm@notefont=\toks22
\thm@headpunct=\toks23
\thm@preskip=\skip46
\thm@postskip=\skip47
\thm@headsep=\skip48
\dth@everypar=\toks24
)
(/usr/share/texlive/texmf-dist/tex/latex/amsfonts/amssymb.sty
Package: amssymb 2013/01/14 v3.01 AMS font symbols

(/usr/share/texlive/texmf-dist/tex/latex/amsfonts/amsfonts.sty
Package: amsfonts 2013/01/14 v3.01 Basic AMSFonts support
\symAMSa=\mathgroup4
\symAMSb=\mathgroup5
LaTeX Font Info:    Overwriting math alphabet `\mathfrak' in version `bold'
(Font)                  U/euf/m/n --> U/euf/b/n on input line 106.
))
(/usr/share/texlive/texmf-dist/tex/latex/setspace/setspace.sty
Package: setspace 2011/12/19 v6.7a set line spacing
)
(/usr/share/texlive/texmf-dist/tex/latex/geometry/geometry.sty
Package: geometry 2010/09/12 v5.6 Page Geometry

(/usr/share/texlive/texmf-dist/tex/latex/graphics/keyval.sty
Package: keyval 2014/10/28 v1.15 key=value parser (DPC)
\KV@toks@=\toks25
)
(/usr/share/texlive/texmf-dist/tex/generic/oberdiek/ifpdf.sty
Package: ifpdf 2016/05/14 v3.1 Provides the ifpdf switch
)
(/usr/share/texlive/texmf-dist/tex/generic/oberdiek/ifvtex.sty
Package: ifvtex 2016/05/16 v1.6 Detect VTeX and its facilities (HO)
Package ifvtex Info: VTeX not detected.
)
(/usr/share/texlive/texmf-dist/tex/generic/ifxetex/ifxetex.sty
Package: ifxetex 2010/09/12 v0.6 Provides ifxetex conditional
)
\Gm@cnth=\count100
\Gm@cntv=\count101
\c@Gm@tempcnt=\count102
\Gm@bindingoffset=\dimen112
\Gm@wd@mp=\dimen113
\Gm@odd@mp=\dimen114
\Gm@even@mp=\dimen115
\Gm@layoutwidth=\dimen116
\Gm@layoutheight=\dimen117
\Gm@layouthoffset=\dimen118
\Gm@layoutvoffset=\dimen119
\Gm@dimlist=\toks26
)
(/usr/share/texlive/texmf-dist/tex/latex/hyperref/hyperref.sty
Package: hyperref 2016/05/21 v6.83p Hypertext links for LaTeX

(/usr/share/texlive/texmf-dist/tex/generic/oberdiek/hobsub-hyperref.sty
Package: hobsub-hyperref 2016/05/16 v1.14 Bundle oberdiek, subset hyperref (HO)


(/usr/share/texlive/texmf-dist/tex/generic/oberdiek/hobsub-generic.sty
Package: hobsub-generic 2016/05/16 v1.14 Bundle oberdiek, subset generic (HO)
Package: hobsub 2016/05/16 v1.14 Construct package bundles (HO)
Package: infwarerr 2016/05/16 v1.4 Providing info/warning/error messages (HO)
Package: ltxcmds 2016/05/16 v1.23 LaTeX kernel commands for general use (HO)
Package: ifluatex 2016/05/16 v1.4 Provides the ifluatex switch (HO)
Package ifluatex Info: LuaTeX not detected.
Package hobsub Info: Skipping package `ifvtex' (already loaded).
Package: intcalc 2016/05/16 v1.2 Expandable calculations with integers (HO)
Package hobsub Info: Skipping package `ifpdf' (already loaded).
Package: etexcmds 2016/05/16 v1.6 Avoid name clashes with e-TeX commands (HO)
Package etexcmds Info: Could not find \expanded.
(etexcmds)             That can mean that you are not using pdfTeX 1.50 or
(etexcmds)             that some package has redefined \expanded.
(etexcmds)             In the latter case, load this package earlier.
Package: kvsetkeys 2016/05/16 v1.17 Key value parser (HO)
Package: kvdefinekeys 2016/05/16 v1.4 Define keys (HO)
Package: pdftexcmds 2016/05/21 v0.22 Utility functions of pdfTeX for LuaTeX (HO
)
Package pdftexcmds Info: LuaTeX not detected.
Package pdftexcmds Info: \pdf@primitive is available.
Package pdftexcmds Info: \pdf@ifprimitive is available.
Package pdftexcmds Info: \pdfdraftmode found.
Package: pdfescape 2016/05/16 v1.14 Implements pdfTeX's escape features (HO)
Package: bigintcalc 2016/05/16 v1.4 Expandable calculations on big integers (HO
)
Package: bitset 2016/05/16 v1.2 Handle bit-vector datatype (HO)
Package: uniquecounter 2016/05/16 v1.3 Provide unlimited unique counter (HO)
)
Package hobsub Info: Skipping package `hobsub' (already loaded).
Package: letltxmacro 2016/05/16 v1.5 Let assignment for LaTeX macros (HO)
Package: hopatch 2016/05/16 v1.3 Wrapper for package hooks (HO)
Package: xcolor-patch 2016/05/16 xcolor patch
Package: atveryend 2016/05/16 v1.9 Hooks at the very end of document (HO)
Package atveryend Info: \enddocument detected (standard20110627).
Package: atbegshi 2016/06/09 v1.18 At begin shipout hook (HO)
Package: refcount 2016/05/16 v3.5 Data extraction from label references (HO)
Package: hycolor 2016/05/16 v1.8 Color options for hyperref/bookmark (HO)
)
(/usr/share/texlive/texmf-dist/tex/latex/oberdiek/auxhook.sty
Package: auxhook 2016/05/16 v1.4 Hooks for auxiliary files (HO)
)
(/usr/share/texlive/texmf-dist/tex/latex/oberdiek/kvoptions.sty
Package: kvoptions 2016/05/16 v3.12 Key value format for package options (HO)
)
\@linkdim=\dimen120
\Hy@linkcounter=\count103
\Hy@pagecounter=\count104

(/usr/share/texlive/texmf-dist/tex/latex/hyperref/pd1enc.def
File: pd1enc.def 2016/05/21 v6.83p Hyperref: PDFDocEncoding definition (HO)
)
\Hy@SavedSpaceFactor=\count105

(/usr/share/texlive/texmf-dist/tex/latex/latexconfig/hyperref.cfg
File: hyperref.cfg 2002/06/06 v1.2 hyperref configuration of TeXLive
)
Package hyperref Info: Option `plainpages' set `false' on input line 4362.
Package hyperref Info: Option `pdfpagelabels' set `true' on input line 4362.
Package hyperref Info: Option `breaklinks' set `true' on input line 4362.
Package hyperref Info: Hyper figures OFF on input line 4486.
Package hyperref Info: Link nesting OFF on input line 4491.
Package hyperref Info: Hyper index ON on input line 4494.
Package hyperref Info: Plain pages OFF on input line 4501.
Package hyperref Info: Backreferencing ON on input line 4504.
Package hyperref Info: Implicit mode ON; LaTeX internals redefined.
Package hyperref Info: Bookmarks ON on input line 4735.

(/usr/share/texlive/texmf-dist/tex/latex/hyperref/backref.sty
Package: backref 2016/05/21 v1.39 Bibliographical back referencing

(/usr/share/texlive/texmf-dist/tex/latex/oberdiek/rerunfilecheck.sty
Package: rerunfilecheck 2016/05/16 v1.8 Rerun checks for auxiliary files (HO)
Package uniquecounter Info: New unique counter `rerunfilecheck' on input line 2
82.
))
\c@Hy@tempcnt=\count106

(/usr/share/texlive/texmf-dist/tex/latex/url/url.sty
\Urlmuskip=\muskip11
Package: url 2013/09/16  ver 3.4  Verb mode for urls, etc.
)
LaTeX Info: Redefining \url on input line 5088.
\XeTeXLinkMargin=\dimen121
\Fld@menulength=\count107
\Field@Width=\dimen122
\Fld@charsize=\dimen123
Package hyperref Info: Hyper figures OFF on input line 6342.
Package hyperref Info: Link nesting OFF on input line 6347.
Package hyperref Info: Hyper index ON on input line 6350.
Package hyperref Info: backreferencing ON on input line 6355.
Package hyperref Info: Link coloring OFF on input line 6362.
Package hyperref Info: Link coloring with OCG OFF on input line 6367.
Package hyperref Info: PDF/A mode OFF on input line 6372.
LaTeX Info: Redefining \ref on input line 6412.
LaTeX Info: Redefining \pageref on input line 6416.
\Hy@abspage=\count108
\c@Item=\count109
\c@Hfootnote=\count110
)

Package hyperref Message: Driver: hpdftex.

(/usr/share/texlive/texmf-dist/tex/latex/hyperref/hpdftex.def
File: hpdftex.def 2016/05/21 v6.83p Hyperref driver for pdfTeX
\Fld@listcount=\count111
\c@bookmark@seq@number=\count112
\Hy@SectionHShift=\skip49
)
(/usr/share/texlive/texmf-dist/tex/latex/graphics/color.sty
Package: color 2016/05/09 v1.1c Standard LaTeX Color (DPC)

(/usr/share/texlive/texmf-dist/tex/latex/graphics-cfg/color.cfg
File: color.cfg 2016/01/02 v1.6 sample color configuration
)
Package color Info: Driver file: pdftex.def on input line 144.

(/usr/share/texlive/texmf-dist/tex/latex/graphics-def/pdftex.def
File: pdftex.def 2016/07/10 v0.06j Graphics/color for pdfTeX
\Gread@gobject=\count113
))
\c@theorem=\count114
Package hyperref Info: Option `bookmarksnumbered' set `true' on input line 134.

Package hyperref Info: Option `bookmarksopen' set `false' on input line 134.
Package hyperref Info: Option `pdffitwindow' set `true' on input line 134.
Package hyperref Info: Option `pdfnewwindow' set `true' on input line 134.
Package hyperref Info: Option `colorlinks' set `true' on input line 134.
)
(/usr/share/texlive/texmf-dist/tex/latex/nomencl/nomencl.sty
Package: nomencl 2005/09/22 v4.2 Nomenclature package (LN)
\nomlabelwidth=\dimen124
\nom@tempdim=\dimen125
\nomitemsep=\skip50
)
(/usr/share/texlive/texmf-dist/tex/latex/float/float.sty
Package: float 2001/11/08 v1.3d Float enhancements (AL)
\c@float@type=\count115
\float@exts=\toks27
\float@box=\box28
\@float@everytoks=\toks28
\@floatcapt=\box29
)
(/usr/share/texlive/texmf-dist/tex/latex/natbib/natbib.sty
Package: natbib 2010/09/13 8.31b (PWD, AO)
\bibhang=\skip51
\bibsep=\skip52
LaTeX Info: Redefining \cite on input line 694.
\c@NAT@ctr=\count116
)
(/usr/share/texlive/texmf-dist/tex/latex/graphics/graphicx.sty
Package: graphicx 2014/10/28 v1.0g Enhanced LaTeX Graphics (DPC,SPQR)

(/usr/share/texlive/texmf-dist/tex/latex/graphics/graphics.sty
Package: graphics 2016/05/09 v1.0r Standard LaTeX Graphics (DPC,SPQR)

(/usr/share/texlive/texmf-dist/tex/latex/graphics/trig.sty
Package: trig 2016/01/03 v1.10 sin cos tan (DPC)
)
(/usr/share/texlive/texmf-dist/tex/latex/graphics-cfg/graphics.cfg
File: graphics.cfg 2016/01/02 v1.10 sample graphics configuration
)
Package graphics Info: Driver file: pdftex.def on input line 96.
)
\Gin@req@height=\dimen126
\Gin@req@width=\dimen127
)
(/usr/share/texlive/texmf-dist/tex/latex/fancyhdr/fancyhdr.sty
\fancy@headwidth=\skip53
\f@ncyO@elh=\skip54
\f@ncyO@erh=\skip55
\f@ncyO@olh=\skip56
\f@ncyO@orh=\skip57
\f@ncyO@elf=\skip58
\f@ncyO@erf=\skip59
\f@ncyO@olf=\skip60
\f@ncyO@orf=\skip61
)
(/usr/share/texlive/texmf-dist/tex/latex/srcltx/srcltx.sty
Package: srcltx 2006/11/12 v1.6 Source specials for inverse search in DVI files


(/usr/share/texlive/texmf-dist/tex/latex/base/ifthen.sty
Package: ifthen 2014/09/29 v1.1c Standard LaTeX ifthen package (DPC)
)
\src@lastline=\count117
\src@new@everypar=\toks29
\src@new@output=\toks30
)
(/usr/share/texlive/texmf-dist/tex/latex/relsize/relsize.sty
Package: relsize 2013/03/29 ver 4.1
)
(/usr/share/texlive/texmf-dist/tex/latex/booktabs/booktabs.sty
Package: booktabs 2016/04/27 v1.618033 publication quality tables
\heavyrulewidth=\dimen128
\lightrulewidth=\dimen129
\cmidrulewidth=\dimen130
\belowrulesep=\dimen131
\belowbottomsep=\dimen132
\aboverulesep=\dimen133
\abovetopsep=\dimen134
\cmidrulesep=\dimen135
\cmidrulekern=\dimen136
\defaultaddspace=\dimen137
\@cmidla=\count118
\@cmidlb=\count119
\@aboverulesep=\dimen138
\@belowrulesep=\dimen139
\@thisruleclass=\count120
\@lastruleclass=\count121
\@thisrulewidth=\dimen140
)
(/usr/share/texlive/texmf-dist/tex/latex/caption/caption.sty
Package: caption 2016/02/21 v3.3-144 Customizing captions (AR)

(/usr/share/texlive/texmf-dist/tex/latex/caption/caption3.sty
Package: caption3 2016/05/22 v1.7-166 caption3 kernel (AR)
Package caption3 Info: TeX engine: e-TeX on input line 67.
\captionmargin=\dimen141
\captionmargin@=\dimen142
\captionwidth=\dimen143
\caption@tempdima=\dimen144
\caption@indent=\dimen145
\caption@parindent=\dimen146
\caption@hangindent=\dimen147
)

Package caption Warning: Configuration file caption.cfg not found on input line
 292.
See the caption package documentation for explanation.

\c@ContinuedFloat=\count122
Package caption Info: float package is loaded.
Package caption Info: hyperref package is loaded.
) (/usr/share/texlive/texmf-dist/tex/latex/subfig/subfig.sty
Package: subfig 2005/06/28 ver: 1.3 subfig package
\c@KVtest=\count123
\sf@farskip=\skip62
\sf@captopadj=\dimen148
\sf@capskip=\skip63
\sf@nearskip=\skip64


Package subfig Warning: Configuration file subfig.cfg not found on input line 2
97.

\c@subfigure=\count124
\c@subfigure@save=\count125
\c@lofdepth=\count126
\c@subtable=\count127
\c@subtable@save=\count128
\c@lotdepth=\count129
\sf@top=\skip65
\sf@bottom=\skip66
) (/usr/share/texlive/texmf-dist/tex/latex/jknapltx/mathrsfs.sty
Package: mathrsfs 1996/01/01 Math RSFS package v1.0 (jk)
\symrsfs=\mathgroup6
)
(/usr/share/texlive/texmf-dist/tex/latex/appendix/appendix.sty
Package: appendix 2009/09/02 v1.2b extra appendix facilities
\c@@pps=\count130
\c@@ppsavesec=\count131
\c@@ppsaveapp=\count132
)
(/usr/share/texlive/texmf-dist/tex/latex/oberdiek/pdflscape.sty
Package: pdflscape 2016/05/14 v0.11 Display of landscape pages in PDF (HO)

(/usr/share/texlive/texmf-dist/tex/latex/graphics/lscape.sty
Package: lscape 2000/10/22 v3.01 Landscape Pages (DPC)
)
Package pdflscape Info: Auto-detected driver: pdftex on input line 81.
)
(/usr/share/texlive/texmf-dist/tex/latex/lineno/lineno.sty
Package: lineno 2005/11/02 line numbers on paragraphs v4.41
\linenopenalty=\count133
\output=\toks31
\linenoprevgraf=\count134
\linenumbersep=\dimen149
\linenumberwidth=\dimen150
\c@linenumber=\count135
\c@pagewiselinenumber=\count136
\c@LN@truepage=\count137
\c@internallinenumber=\count138
\c@internallinenumbers=\count139
\quotelinenumbersep=\dimen151
\bframerule=\dimen152
\bframesep=\dimen153
\bframebox=\box30
LaTeX Info: Redefining \\ on input line 3056.
)
(./biswas-thesis.aux (./front-matter/dedication.aux)
(./front-matter/acknowledgments.aux) (./front-matter/abstract.aux)
(./front-matter.aux) (./chapters/chapter-1.aux) (./chapters/chapter-2.aux)
(./chapters/chapter-3.aux) (./chapters/chapter-4.aux) (./chapters/chapter-5.aux
) (./chapters/chapter-6.aux) (./back-matter/appendix-1.aux)
(./back-matter/appendix-2.aux) (./back-matter/vita.aux))
\openout1 = `biswas-thesis.aux'.

LaTeX Font Info:    Checking defaults for OML/cmm/m/it on input line 74.
LaTeX Font Info:    ... okay on input line 74.
LaTeX Font Info:    Checking defaults for T1/cmr/m/n on input line 74.
LaTeX Font Info:    ... okay on input line 74.
LaTeX Font Info:    Checking defaults for OT1/cmr/m/n on input line 74.
LaTeX Font Info:    ... okay on input line 74.
LaTeX Font Info:    Checking defaults for OMS/cmsy/m/n on input line 74.
LaTeX Font Info:    ... okay on input line 74.
LaTeX Font Info:    Checking defaults for OMX/cmex/m/n on input line 74.
LaTeX Font Info:    ... okay on input line 74.
LaTeX Font Info:    Checking defaults for U/cmr/m/n on input line 74.
LaTeX Font Info:    ... okay on input line 74.
LaTeX Font Info:    Checking defaults for PD1/pdf/m/n on input line 74.
LaTeX Font Info:    ... okay on input line 74.

*geometry* detected driver: dvips
*geometry* verbose mode - [ preamble ] result:
* driver: dvips
* paper: letterpaper
* layout: <same size as paper>
* layoutoffset:(h,v)=(0.0pt,0.0pt)
* vratio: 1:1
* modes: 
* h-part:(L,W,R)=(72.26999pt, 469.75502pt, 72.26999pt)
* v-part:(T,H,B)=(72.26999pt, 650.43001pt, 72.26999pt)
* \paperwidth=614.295pt
* \paperheight=794.96999pt
* \textwidth=469.75502pt
* \textheight=650.43001pt
* \oddsidemargin=0.0pt
* \evensidemargin=0.0pt
* \topmargin=-37.0pt
* \headheight=12.0pt
* \headsep=25.0pt
* \topskip=12.0pt
* \footskip=30.0pt
* \marginparwidth=44.0pt
* \marginparsep=10.0pt
* \columnsep=10.0pt
* \skip\footins=10.8pt plus 4.0pt minus 2.0pt
* \hoffset=0.0pt
* \voffset=0.0pt
* \mag=1000
* \@twocolumnfalse
* \@twosidefalse
* \@mparswitchfalse
* \@reversemarginfalse
* (1in=72.27pt=25.4mm, 1cm=28.453pt)

\AtBeginShipoutBox=\box31
Package backref Info: ** backref set up for natbib ** on input line 74.
Package hyperref Info: Link coloring ON on input line 74.
(/usr/share/texlive/texmf-dist/tex/latex/hyperref/nameref.sty
Package: nameref 2016/05/21 v2.44 Cross-referencing by name of section

(/usr/share/texlive/texmf-dist/tex/generic/oberdiek/gettitlestring.sty
Package: gettitlestring 2016/05/16 v1.5 Cleanup title references (HO)
)
\c@section@level=\count140
)
LaTeX Info: Redefining \ref on input line 74.
LaTeX Info: Redefining \pageref on input line 74.
LaTeX Info: Redefining \nameref on input line 74.

(./biswas-thesis.out) (./biswas-thesis.out)
\@outlinefile=\write3
\openout3 = `biswas-thesis.out'.


(/usr/share/texlive/texmf-dist/tex/context/base/mkii/supp-pdf.mkii
[Loading MPS to PDF converter (version 2006.09.02).]
\scratchcounter=\count141
\scratchdimen=\dimen154
\scratchbox=\box32
\nofMPsegments=\count142
\nofMParguments=\count143
\everyMPshowfont=\toks32
\MPscratchCnt=\count144
\MPscratchDim=\dimen155
\MPnumerator=\count145
\makeMPintoPDFobject=\count146
\everyMPtoPDFconversion=\toks33
) (/usr/share/texlive/texmf-dist/tex/latex/oberdiek/epstopdf-base.sty
Package: epstopdf-base 2016/05/15 v2.6 Base part for package epstopdf

(/usr/share/texlive/texmf-dist/tex/latex/oberdiek/grfext.sty
Package: grfext 2016/05/16 v1.2 Manage graphics extensions (HO)
)
Package epstopdf-base Info: Redefining graphics rule for `.eps' on input line 4
38.
Package grfext Info: Graphics extension search list:
(grfext)             [.png,.pdf,.jpg,.mps,.jpeg,.jbig2,.jb2,.PNG,.PDF,.JPG,.JPE
G,.JBIG2,.JB2,.eps]
(grfext)             \AppendGraphicsExtensions on input line 456.

(/usr/share/texlive/texmf-dist/tex/latex/latexconfig/epstopdf-sys.cfg
File: epstopdf-sys.cfg 2010/07/13 v1.3 Configuration of (r)epstopdf for TeX Liv
e
))
Package caption Info: Begin \AtBeginDocument code.
Package caption Info: subfig package v1.3 is loaded.
Package caption Info: End \AtBeginDocument code.

[1
Non-PDF special ignored!
color push 0 g 0 G
color pop





color push 0 g 0 G
color pop
{/usr/share/texlive/texmf-dist/fonts/map/pdftex/updmap/pdftex.map}
color push 0 g 0 G
color pop
color push 0 g 0 G
color pop
color push 0 g 0 G
color pop
color push 0 g 0 G
color pop
color push 0 g 0 G
color pop
color push 0 g 0 G
color pop
color push 0 g 0 G
color pop
color push 0 g 0 G
color pop
color push 0 g 0 G
color pop
color push 0 g 0 G
color pop
color push 0 g 0 G
color pop
]
LaTeX Font Info:    Try loading font information for OMS+cmr on input line 84.
 (/usr/share/texlive/texmf-dist/tex/latex/base/omscmr.fd
File: omscmr.fd 2014/09/29 v2.5h Standard LaTeX font definitions
)
LaTeX Font Info:    Font shape `OMS/cmr/m/n' in size <12> not available
(Font)              Font shape `OMS/cmsy/m/n' tried instead on input line 84.
 [2
color push 0 g 0 G
color pop


color push 0 g 0 G
color pop
color push 0 g 0 G
color pop
color push 0 g 0 G
color pop
color push 0 g 0 G
color pop
]
:<+ front-matter/dedication.tex
\openout2 = `front-matter/dedication.aux'.

No file front-matter/dedication.tex.
:<-
:<+ front-matter/acknowledgments.tex
\openout2 = `front-matter/acknowledgments.aux'.

No file front-matter/acknowledgments.tex.
:<-
:<+ front-matter/abstract.tex
\openout2 = `front-matter/abstract.aux'.

No file front-matter/abstract.tex.
:<-
(./biswas-thesis.toc
LaTeX Font Info:    Try loading font information for U+msa on input line 3.
 (/usr/share/texlive/texmf-dist/tex/latex/amsfonts/umsa.fd
File: umsa.fd 2013/01/14 v3.01 AMS symbols A
)
LaTeX Font Info:    Try loading font information for U+msb on input line 3.
(/usr/share/texlive/texmf-dist/tex/latex/amsfonts/umsb.fd
File: umsb.fd 2013/01/14 v3.01 AMS symbols B
)
LaTeX Font Info:    Try loading font information for U+rsfs on input line 3.

(/usr/share/texlive/texmf-dist/tex/latex/jknapltx/ursfs.fd
File: ursfs.fd 1998/03/24 rsfs font definition file (jk)
) [3
color push 0 g 0 G
color pop


















color push 0 g 0 G
color pop
color push 0 0 1 rg 0 0 1 RG
color pop
color push 0 g 0 G
color pop
color push 0 0 1 rg 0 0 1 RG
color pop
color push 0 g 0 G
color pop
color push 0 0 1 rg 0 0 1 RG
color pop
color push 0 g 0 G
color pop
color push 0 g 0 G
color pop
color push 0 0 1 rg 0 0 1 RG
color pop
color push 0 g 0 G
color pop
color push 0 g 0 G
color pop
color push 0 0 1 rg 0 0 1 RG
color pop
color push 0 g 0 G
color pop
color push 0 g 0 G
color pop
color push 0 0 1 rg 0 0 1 RG
color pop
color push 0 g 0 G
color pop
color push 0 g 0 G
color pop
color push 0 0 1 rg 0 0 1 RG
color pop
color push 0 g 0 G
color pop
color push 0 g 0 G
color pop
color push 0 0 1 rg 0 0 1 RG
color pop
color push 0 g 0 G
color pop
color push 0 g 0 G
color pop
color push 0 0 1 rg 0 0 1 RG
color pop
color push 0 g 0 G
color pop
color push 0 g 0 G
color pop
color push 0 0 1 rg 0 0 1 RG
color pop
color push 0 g 0 G
color pop
color push 0 g 0 G
color pop
color push 0 0 1 rg 0 0 1 RG
color pop
color push 0 g 0 G
color pop
color push 0 g 0 G
color pop
color push 0 0 1 rg 0 0 1 RG
color pop
color push 0 g 0 G
color pop
color push 0 g 0 G
color pop
color push 0 0 1 rg 0 0 1 RG
color pop
color push 0 g 0 G
color pop
color push 0 g 0 G
color pop
color push 0 0 1 rg 0 0 1 RG
color pop
color push 0 g 0 G
color pop
color push 0 g 0 G
color pop
color push 0 0 1 rg 0 0 1 RG
color pop
color push 0 g 0 G
color pop
color push 0 g 0 G
color pop
color push 0 0 1 rg 0 0 1 RG
color pop
color push 0 g 0 G
color pop
color push 0 g 0 G
color pop
color push 0 0 1 rg 0 0 1 RG
color pop
color push 0 g 0 G
color pop
color push 0 g 0 G
color pop
color push 0 0 1 rg 0 0 1 RG
color pop
color push 0 g 0 G
color pop
color push 0 g 0 G
color pop
color push 0 0 1 rg 0 0 1 RG
color pop
color push 0 g 0 G
color pop
color push 0 0 1 rg 0 0 1 RG
color pop
color push 0 g 0 G
color pop
color push 0 g 0 G
color pop
color push 0 0 1 rg 0 0 1 RG
color pop
color push 0 g 0 G
color pop
color push 0 g 0 G
color pop
color push 0 g 0 G
color pop
])
\tf@toc=\write4
\openout4 = `biswas-thesis.toc'.

 [4
color push 0 g 0 G
color pop
color push 0 0 1 rg 0 0 1 RG
color pop
color push 0 g 0 G
color pop
color push 0 g 0 G
color pop
color push 0 0 1 rg 0 0 1 RG
color pop
color push 0 g 0 G
color pop
color push 0 g 0 G
color pop
color push 0 0 1 rg 0 0 1 RG
color pop
color push 0 g 0 G
color pop
color push 0 g 0 G
color pop
color push 0 0 1 rg 0 0 1 RG
color pop
color push 0 g 0 G
color pop
color push 0 g 0 G
color pop
color push 0 0 1 rg 0 0 1 RG
color pop
color push 0 g 0 G
color pop
color push 0 g 0 G
color pop
color push 0 0 1 rg 0 0 1 RG
color pop
color push 0 g 0 G
color pop
color push 0 g 0 G
color pop
color push 0 0 1 rg 0 0 1 RG
color pop
color push 0 g 0 G
color pop
color push 0 0 1 rg 0 0 1 RG
color pop
color push 0 g 0 G
color pop
color push 0 g 0 G
color pop
color push 0 0 1 rg 0 0 1 RG
color pop
color push 0 g 0 G
color pop
color push 0 g 0 G
color pop
color push 0 0 1 rg 0 0 1 RG
color pop
color push 0 g 0 G
color pop
color push 0 0 1 rg 0 0 1 RG
color pop
color push 0 g 0 G
color pop
color push 0 0 1 rg 0 0 1 RG
color pop
color push 0 g 0 G
color pop
color push 0 0 1 rg 0 0 1 RG
color pop
color push 0 g 0 G
color pop
color push 0 g 0 G
color pop
]
(./biswas-thesis.lot)
\tf@lot=\write5
\openout5 = `biswas-thesis.lot'.

 [5
color push 0 g 0 G
color pop

color push 0 g 0 G
color pop
color push 0 0 1 rg 0 0 1 RG
color push 0 1 0 0 k 0 1 0 0 K
color pop
color pop
color push 0 g 0 G
color pop
color push 0 g 0 G
color pop
color push 0 g 0 G
color pop
] (./biswas-thesis.lof)
\tf@lof=\write6
\openout6 = `biswas-thesis.lof'.

 [6
color push 0 g 0 G
color pop

color push 0 g 0 G
color pop
color push 0 0 1 rg 0 0 1 RG
color push 0 1 0 0 k 0 1 0 0 K
color pop
color pop
color push 0 g 0 G
color pop
color push 0 g 0 G
color pop
color push 0 0 1 rg 0 0 1 RG
color push 0 1 0 0 k 0 1 0 0 K
color pop
color pop
color push 0 g 0 G
color pop
color push 0 g 0 G
color pop
color push 0 0 1 rg 0 0 1 RG
color push 0 g 0 G
color pop
color push 0 g 0 G
color pop
color push 0 1 0 0 k 0 1 0 0 K
color pop
color pop
color push 0 g 0 G
color pop
color push 0 g 0 G
color pop
color push 0 0 1 rg 0 0 1 RG
color push 0 g 0 G
color pop
color push 0 g 0 G
color pop
color push 0 g 0 G
color pop
color push 0 g 0 G
color pop
color push 0 1 0 0 k 0 1 0 0 K
color pop
color pop
color push 0 g 0 G
color pop
color push 0 g 0 G
color pop
color push 0 0 1 rg 0 0 1 RG
color push 0 g 0 G
color pop
color push 0 g 0 G
color pop
color push 0 g 0 G
color pop
color push 0 1 0 0 k 0 1 0 0 K
color pop
color pop
color push 0 g 0 G
color pop
color push 0 g 0 G
color pop
color push 0 0 1 rg 0 0 1 RG
color push 0 g 0 G
color pop
color push 0 1 0 0 k 0 1 0 0 K
color pop
color pop
color push 0 g 0 G
color pop
color push 0 g 0 G
color pop
color push 0 0 1 rg 0 0 1 RG
color push 0 g 0 G
color pop
color push 0 g 0 G
color pop
color push 0 g 0 G
color pop
color push 0 g 0 G
color pop
color push 0 1 0 0 k 0 1 0 0 K
color pop
color pop
color push 0 g 0 G
color pop
color push 0 g 0 G
color pop
color push 0 g 0 G
color pop
]
:<+ front-matter.tex
\openout2 = `front-matter.aux'.

No file front-matter.tex.
:<-
:<+ chapters/chapter-1.tex
\openout2 = `chapters/chapter-1.aux'.

(./chapters/chapter-1.tex
Chapter 1.
) [1
color push 0 g 0 G
color pop






color push 0 g 0 G
color pop
color push 0 g 0 G
color pop
color push 0 g 0 G
color pop
color push 0 g 0 G
color pop
color push 0 g 0 G
color pop
color push 0 g 0 G
color pop
color push 0 g 0 G
color pop
color push 0 g 0 G
color pop
color push 0 g 0 G
color pop
color push 0 g 0 G
color pop
color push 0 g 0 G
color pop
color push 0 g 0 G
color pop
color push 0 g 0 G
color pop
color push 0 g 0 G
color pop
color push 0 g 0 G
color pop
color push 0 g 0 G
color pop
color push 0 g 0 G
color pop
color push 0 g 0 G
color pop
color push 0 g 0 G
color pop
color push 0 g 0 G
color pop
color push 0 g 0 G
color pop
color push 0 g 0 G
color pop
] [2
color push 0 g 0 G
color pop
color push 0 g 0 G
color pop
color push 0 g 0 G
color pop
color push 0 g 0 G
color pop
]
:<-
:<+ chapters/chapter-2.tex
\openout2 = `chapters/chapter-2.aux'.

(./chapters/chapter-2.tex
Chapter 2.
[3
color push 0 g 0 G
color pop




color push 0 g 0 G
color pop
color push 0 g 0 G
color pop
color push 0 g 0 G
color pop
color push 0 g 0 G
color pop
color push 0 g 0 G
color pop
color push 0 g 0 G
color pop
color push 0 g 0 G
color pop
color push 0 g 0 G
color pop
color push 0 g 0 G
color pop
color push 0 1 0 0 k 0 1 0 0 K
color pop
color push 0 1 0 0 k 0 1 0 0 K
color pop
color push 0 g 0 G
color pop
color push 0 g 0 G
color pop
color push 0 g 0 G
color pop
color push 0 g 0 G
color pop
color push 0 g 0 G
color pop
color push 0 0 1 rg 0 0 1 RG
color pop
color push 0 g 0 G
color pop
color push 0 g 0 G
color pop
color push 0 g 0 G
color pop
color push 0 g 0 G
color pop
] [4
color push 0 g 0 G
color pop
color push 0 g 0 G
color pop
color push 0 g 0 G
color pop
color push 0 g 0 G
color pop
color push 0 g 0 G
color pop
color push 0 g 0 G
color pop
color push 0 1 0 0 k 0 1 0 0 K
color pop
color push 0 g 0 G
color pop
color push 0 g 0 G
color pop
color push 0 g 0 G
color pop
color push 0 g 0 G
color pop
color push 0 g 0 G
color pop
color push 0 g 0 G
color pop
color push 0 g 0 G
color pop
color push 0 g 0 G
color pop
color push 0 g 0 G
color pop
color push 0 g 0 G
color pop
color push 0 g 0 G
color pop
color push 0 g 0 G
color pop
color push 0 g 0 G
color pop
color push 0 g 0 G
color pop
color push 0 g 0 G
color pop
color push 0 g 0 G
color pop
color push 0 g 0 G
color pop
color push 0 g 0 G
color pop
color push 0 g 0 G
color pop
color push 0 1 0 0 k 0 1 0 0 K
color pop
color push 0 g 0 G
color pop
color push 0 g 0 G
color pop
] <figures/1742-6596-761-1-012066.png, id=333, 469.755pt x 374.39874pt>
File: figures/1742-6596-761-1-012066.png Graphic file (type png)

<use figures/1742-6596-761-1-012066.png>
Package pdftex.def Info: figures/1742-6596-761-1-012066.png used on input line 
56.
(pdftex.def)             Requested size: 397.48499pt x 316.8008pt.
 [5
color push 0 g 0 G
color pop
color push 0 g 0 G
color pop
color push 0 g 0 G
color pop
color push 0 g 0 G
color pop
color push 0 g 0 G
color pop
color push 0 0 1 rg 0 0 1 RG
color pop
color push 0 1 0 0 k 0 1 0 0 K
color pop
color push 0 g 0 G
color pop
color push 0 g 0 G
color pop
color push 0 g 0 G
color pop
color push 0 g 0 G
color pop
color push 0 g 0 G
color pop
color push 0 g 0 G
color pop
color push 0 g 0 G
color pop
color push 0 g 0 G
color push 0 g 0 G
color push 0 1 0 0 k 0 1 0 0 K
color pop
color pop
color pop
color push 0 g 0 G
color pop
color push 0 g 0 G
color pop
 <./figures/1742-6596-761-1-012066.png>] <figures/RHIC_Layout.jpeg, id=350, 308
.352pt x 224.5188pt>
File: figures/RHIC_Layout.jpeg Graphic file (type jpg)

<use figures/RHIC_Layout.jpeg>
Package pdftex.def Info: figures/RHIC_Layout.jpeg used on input line 75.
(pdftex.def)             Requested size: 469.75499pt x 342.04634pt.
 [6
color push 0 g 0 G
color pop
color push 0 g 0 G
color pop
color push 0 g 0 G
color pop
color push 0 0 1 rg 0 0 1 RG
color pop
color push 0 g 0 G
color pop
color push 0 g 0 G
color pop
color push 0 g 0 G
color pop
color push 0 g 0 G
color pop
color push 0 1 0 0 k 0 1 0 0 K
color pop
color push 0 g 0 G
color pop
color push 0 1 0 0 k 0 1 0 0 K
color pop
color push 0 1 0 0 k 0 1 0 0 K
color pop
color push 0 g 0 G
color pop
color push 0 g 0 G
color pop
color push 0 g 0 G
color pop
color push 0 1 0 0 k 0 1 0 0 K
color pop
color push 0 g 0 G
color pop
color push 0 g 0 G
color pop
color push 0 g 0 G
color pop
color push 0 g 0 G
color pop
color push 0 g 0 G
color pop
color push 0 0 1 rg 0 0 1 RG
color pop
color push 0 g 0 G
color pop
color push 0 1 0 0 k 0 1 0 0 K
color pop
color push 0 g 0 G
color pop
color push 0 g 0 G
color pop
color push 0 g 0 G
color pop
color push 0 1 0 0 k 0 1 0 0 K
color pop
color push 0 g 0 G
color pop
color push 0 g 0 G
color pop
color push 0 g 0 G
color pop
color push 0 g 0 G
color pop
color push 0 g 0 G
color pop
color push 0 g 0 G
color pop
] [7
color push 0 g 0 G
color pop
color push 0 g 0 G
color pop
color push 0 g 0 G
color pop
color push 0 g 0 G
color pop
color push 0 0 1 rg 0 0 1 RG
color pop
color push 0 g 0 G
color pop
color push 0 g 0 G
color pop
color push 0 g 0 G
color pop
color push 0 g 0 G
color pop
color push 0 g 0 G
color pop
color push 0 g 0 G
color pop
color push 0 g 0 G
color pop
color push 0 g 0 G
color push 0 g 0 G
color push 0 1 0 0 k 0 1 0 0 K
color pop
color pop
color pop
color push 0 g 0 G
color pop
color push 0 g 0 G
color pop
 <./figures/RHIC_Layout.jpeg>] [8
color push 0 g 0 G
color pop
color push 0 g 0 G
color pop
color push 0 g 0 G
color pop
color push 0 g 0 G
color pop
color push 0 g 0 G
color pop
color push 0 g 0 G
color pop
color push 0 g 0 G
color pop
color push 0 g 0 G
color pop
color push 0 g 0 G
color pop
color push 0 g 0 G
color pop
color push 0 g 0 G
color pop
color push 0 g 0 G
color pop
color push 0 g 0 G
color pop
color push 0 g 0 G
color pop
color push 0 g 0 G
color pop
color push 0 g 0 G
color pop
color push 0 g 0 G
color pop
color push 0 g 0 G
color pop
color push 0 g 0 G
color pop
color push 0 g 0 G
color pop
color push 0 g 0 G
color pop
color push 0 g 0 G
color pop
color push 0 1 0 0 k 0 1 0 0 K
color pop
color push 0 g 0 G
color pop
color push 0 g 0 G
color pop
color push 0 g 0 G
color pop
color push 0 g 0 G
color pop
color push 0 g 0 G
color pop
color push 0 g 0 G
color pop
color push 0 g 0 G
color pop
color push 0 g 0 G
color pop
]
<figures/flow_elliptic_init_v4.pdf, id=378, 421.575pt x 313.17pt>
File: figures/flow_elliptic_init_v4.pdf Graphic file (type pdf)

<use figures/flow_elliptic_init_v4.pdf>
Package pdftex.def Info: figures/flow_elliptic_init_v4.pdf used on input line 1
18.
(pdftex.def)             Requested size: 325.215pt x 241.59082pt.


LaTeX Warning: `h' float specifier changed to `ht'.

<figures/part_spec_Vovchenko.png, id=382, 803.0pt x 166.6225pt>
File: figures/part_spec_Vovchenko.png Graphic file (type png)

<use figures/part_spec_Vovchenko.png>
Package pdftex.def Info: figures/part_spec_Vovchenko.png used on input line 125
.
(pdftex.def)             Requested size: 469.75499pt x 97.47757pt.
 [9
color push 0 g 0 G
color pop
color push 0 g 0 G
color pop
color push 0 g 0 G
color pop
color push 0 g 0 G
color pop
color push 0 g 0 G
color pop
color push 0 g 0 G
color pop
color push 0 g 0 G
color pop
color push 0 g 0 G
color pop
color push 0 g 0 G
color pop
color push 0 0 1 rg 0 0 1 RG
color pop
color push 0 g 0 G
color pop
color push 0 g 0 G
color pop
color push 0 g 0 G
color pop
color push 0 g 0 G
color pop
color push 0 1 0 0 k 0 1 0 0 K
color pop
color push 0 g 0 G
color pop
color push 0 g 0 G
color push 0 g 0 G
color push 0 1 0 0 k 0 1 0 0 K
color pop
color pop
color pop
color push 0 g 0 G
color pop
color push 0 g 0 G
color pop
color push 0 g 0 G
color pop
color push 0 g 0 G
color pop
color push 0 g 0 G
color pop
color push 0 g 0 G
color pop
color push 0 0 1 rg 0 0 1 RG
color pop
color push 0 g 0 G
color pop
color push 0 g 0 G
color pop
color push 0 g 0 G
color pop
color push 0 g 0 G
color pop
color push 0 0 1 rg 0 0 1 RG
color pop
color push 0 g 0 G
color pop
color push 0 g 0 G
color pop
]
Overfull \hbox (32.66986pt too wide) in paragraph at lines 129--134
[]\OT1/cmr/m/n/12 Rapidity and pseu-do-ra-pid-ity .............................
...................... ...................................................
 []

<figures/LightCone1_color-crop_NThesis.pdf, id=391, 517.935pt x 410.53375pt>
File: figures/LightCone1_color-crop_NThesis.pdf Graphic file (type pdf)

<use figures/LightCone1_color-crop_NThesis.pdf>
Package pdftex.def Info: figures/LightCone1_color-crop_NThesis.pdf used on inpu
t line 140.
(pdftex.def)             Requested size: 469.75499pt x 372.3585pt.
 [10
color push 0 g 0 G
color pop
color push 0 g 0 G
color push 0 g 0 G
color push 0 1 0 0 k 0 1 0 0 K
color pop
color pop
color pop
color push 0 g 0 G
color pop
color push 0 g 0 G
color push 0 g 0 G
color push 0 1 0 0 k 0 1 0 0 K
color pop
color pop
color pop
color push 0 g 0 G
color pop
color push 0 g 0 G
color pop
color push 0 g 0 G
color pop
color push 0 g 0 G
color pop
 <./figures/flow_elliptic_init_v4.pdf> <./figures/part_spec_Vovchenko.png (PNG 
copy)>]

LaTeX Warning: `h' float specifier changed to `ht'.

[11
color push 0 g 0 G
color pop
color push 0 g 0 G
color pop
color push 0 0 1 rg 0 0 1 RG
color pop
color push 0 g 0 G
color pop
color push 0 g 0 G
color pop
color push 0 g 0 G
color pop
color push 0 g 0 G
color pop
color push 0 g 0 G
color pop
color push 0 g 0 G
color pop
color push 0 g 0 G
color pop
color push 0 g 0 G
color pop
color push 0 g 0 G
color pop
color push 0 g 0 G
color pop
color push 0 g 0 G
color pop
color push 0 g 0 G
color pop
color push 0 g 0 G
color pop
color push 0 g 0 G
color pop
color push 0 g 0 G
color pop
color push 0 g 0 G
color pop
color push 0 g 0 G
color pop
color push 0 g 0 G
color pop
color push 0 g 0 G
color pop
color push 0 g 0 G
color pop
color push 0 g 0 G
color pop
color push 0 g 0 G
color pop
color push 0 g 0 G
color pop
color push 0 g 0 G
color pop
color push 0 g 0 G
color pop
color push 0 g 0 G
color pop
] [12
color push 0 g 0 G
color pop
color push 0 g 0 G
color push 0 g 0 G
color push 0 1 0 0 k 0 1 0 0 K
color pop
color pop
color pop
color push 0 g 0 G
color pop
color push 0 g 0 G
color pop
color push 0 g 0 G
color pop
color push 0 g 0 G
color pop
color push 0 g 0 G
color pop
color push 0 g 0 G
color pop
color push 0 g 0 G
color pop
color push 0 g 0 G
color pop
 <./figures/LightCone1_color-crop_NThesis.pdf>] [13
color push 0 g 0 G
color pop
color push 0 g 0 G
color pop
color push 0 1 0 0 k 0 1 0 0 K
color pop
color push 0 g 0 G
color pop
color push 0 g 0 G
color pop
color push 0 g 0 G
color pop
color push 0 g 0 G
color pop
color push 0 g 0 G
color pop
color push 0 g 0 G
color pop
color push 0 g 0 G
color pop
color push 0 g 0 G
color pop
color push 0 1 0 0 k 0 1 0 0 K
color pop
color push 0 g 0 G
color pop
color push 0 g 0 G
color pop
color push 0 g 0 G
color pop
color push 0 1 0 0 k 0 1 0 0 K
color pop
color push 0 g 0 G
color pop
color push 0 g 0 G
color pop
color push 0 g 0 G
color pop
color push 0 1 0 0 k 0 1 0 0 K
color pop
color push 0 g 0 G
color pop
color push 0 g 0 G
color pop
color push 0 g 0 G
color pop
color push 0 1 0 0 k 0 1 0 0 K
color pop
color push 0 g 0 G
color pop
color push 0 g 0 G
color pop
color push 0 g 0 G
color pop
color push 0 g 0 G
color pop
color push 0 g 0 G
color pop
color push 0 g 0 G
color pop
color push 0 g 0 G
color pop
color push 0 g 0 G
color pop
color push 0 g 0 G
color pop
color push 0 g 0 G
color pop
color push 0 g 0 G
color pop
color push 0 g 0 G
color pop
]) [14
color push 0 g 0 G
color pop
color push 0 1 0 0 k 0 1 0 0 K
color pop
color push 0 g 0 G
color pop
color push 0 g 0 G
color pop
color push 0 g 0 G
color pop
color push 0 g 0 G
color pop
color push 0 g 0 G
color pop
color push 0 g 0 G
color pop
color push 0 g 0 G
color pop
color push 0 g 0 G
color pop
color push 0 g 0 G
color pop
color push 0 g 0 G
color pop
color push 0 g 0 G
color pop
color push 0 g 0 G
color pop
color push 0 g 0 G
color pop
color push 0 g 0 G
color pop
color push 0 g 0 G
color pop
color push 0 g 0 G
color pop
color push 0 g 0 G
color pop
color push 0 g 0 G
color pop
]
:<-
:<+ chapters/chapter-3.tex
\openout2 = `chapters/chapter-3.aux'.

(./chapters/chapter-3.tex
Chapter 3.
[15
color push 0 g 0 G
color pop




color push 0 g 0 G
color pop
color push 0 g 0 G
color pop
color push 0 g 0 G
color pop
color push 0 g 0 G
color pop
color push 0 g 0 G
color pop
color push 0 g 0 G
color pop
color push 0 g 0 G
color pop
color push 0 g 0 G
color pop
color push 0 g 0 G
color pop
color push 0 g 0 G
color pop
color push 0 g 0 G
color pop
color push 0 g 0 G
color pop
color push 0 1 0 0 k 0 1 0 0 K
color pop
color push 0 1 0 0 k 0 1 0 0 K
color pop
color push 0 g 0 G
color pop
color push 0 g 0 G
color pop
]

Package hyperref Warning: Token not allowed in a PDF string (PDFDocEncoding):
(hyperref)                removing `math shift' on input line 69.


Package hyperref Warning: Token not allowed in a PDF string (PDFDocEncoding):
(hyperref)                removing `subscript' on input line 69.


Package hyperref Warning: Token not allowed in a PDF string (PDFDocEncoding):
(hyperref)                removing `math shift' on input line 69.


Package hyperref Warning: Token not allowed in a PDF string (PDFDocEncoding):
(hyperref)                removing `math shift' on input line 71.


Package hyperref Warning: Token not allowed in a PDF string (PDFDocEncoding):
(hyperref)                removing `subscript' on input line 71.


Package hyperref Warning: Token not allowed in a PDF string (PDFDocEncoding):
(hyperref)                removing `math shift' on input line 71.

[16
color push 0 g 0 G
color pop
color push 0 g 0 G
color pop
color push 0 g 0 G
color pop
color push 0 g 0 G
color pop
color push 0 g 0 G
color pop
color push 0 g 0 G
color pop
color push 0 1 0 0 k 0 1 0 0 K
color pop
color push 0 g 0 G
color pop
color push 0 g 0 G
color pop
color push 0 g 0 G
color pop
color push 0 g 0 G
color pop
color push 0 g 0 G
color pop
color push 0 g 0 G
color pop
color push 0 g 0 G
color pop
color push 0 g 0 G
color pop
color push 0 g 0 G
color pop
color push 0 g 0 G
color pop
color push 0 g 0 G
color pop
color push 0 g 0 G
color pop
color push 0 g 0 G
color pop
]

Package hyperref Warning: Token not allowed in a PDF string (PDFDocEncoding):
(hyperref)                removing `math shift' on input line 82.


Package hyperref Warning: Token not allowed in a PDF string (PDFDocEncoding):
(hyperref)                removing `\begingroup' on input line 82.


Package hyperref Warning: Token not allowed in a PDF string (PDFDocEncoding):
(hyperref)                removing `subscript' on input line 82.


Package hyperref Warning: Token not allowed in a PDF string (PDFDocEncoding):
(hyperref)                removing `\endgroup' on input line 82.


Package hyperref Warning: Token not allowed in a PDF string (PDFDocEncoding):
(hyperref)                removing `\@@over' on input line 82.


Package hyperref Warning: Token not allowed in a PDF string (PDFDocEncoding):
(hyperref)                removing `\eta' on input line 82.


Package hyperref Warning: Token not allowed in a PDF string (PDFDocEncoding):
(hyperref)                removing `math shift' on input line 82.


Package hyperref Warning: Token not allowed in a PDF string (PDFDocEncoding):
(hyperref)                removing `math shift' on input line 82.


Package hyperref Warning: Token not allowed in a PDF string (PDFDocEncoding):
(hyperref)                removing `subscript' on input line 82.


Package hyperref Warning: Token not allowed in a PDF string (PDFDocEncoding):
(hyperref)                removing `math shift' on input line 82.

[17
color push 0 g 0 G
color pop
color push 0 g 0 G
color pop
color push 0 g 0 G
color pop
color push 0 g 0 G
color pop
color push 0 g 0 G
color pop
color push 0 g 0 G
color pop
color push 0 1 0 0 k 0 1 0 0 K
color pop
color push 0 1 0 0 k 0 1 0 0 K
color pop
color push 0 g 0 G
color pop
color push 0 g 0 G
color pop
color push 0 g 0 G
color pop
color push 0 g 0 G
color pop
color push 0 1 0 0 k 0 1 0 0 K
color pop
color push 0 g 0 G
color pop
color push 0 g 0 G
color pop
color push 0 g 0 G
color pop
color push 0 g 0 G
color pop
color push 0 1 0 0 k 0 1 0 0 K
color pop
color push 0 g 0 G
color pop
color push 0 g 0 G
color pop
color push 0 g 0 G
color pop
color push 0 g 0 G
color pop
color push 0 g 0 G
color pop
color push 0 g 0 G
color pop
] [18
color push 0 g 0 G
color pop
color push 0 0 1 rg 0 0 1 RG
color pop
color push 0 g 0 G
color pop
color push 0 g 0 G
color pop
color push 0 g 0 G
color pop
color push 0 g 0 G
color pop
color push 0 0 1 rg 0 0 1 RG
color pop
color push 0 0 1 rg 0 0 1 RG
color pop
color push 0 g 0 G
color pop
color push 0 g 0 G
color pop
]
<figures/../figures/0034-4885-73-11-116201_star_PID.jpg, id=618, 306.162pt x 24
6.375pt>
File: figures/../figures/0034-4885-73-11-116201_star_PID.jpg Graphic file (type
 jpg)
 <use figures/../figures/0034-4885-73-11-116201_star_PID.jpg>
Package pdftex.def Info: figures/../figures/0034-4885-73-11-116201_star_PID.jpg
 used on input line 129.
(pdftex.def)             Requested size: 397.48499pt x 319.8664pt.


LaTeX Warning: `h' float specifier changed to `ht'.

[19
color push 0 g 0 G
color pop
color push 0 0 1 rg 0 0 1 RG
color pop
color push 0 0 1 rg 0 0 1 RG
color pop
color push 0 g 0 G
color pop
color push 0 g 0 G
color pop
color push 0 g 0 G
color pop
color push 0 g 0 G
color pop
color push 0 g 0 G
color pop
color push 0 g 0 G
color pop
color push 0 1 0 0 k 0 1 0 0 K
color pop
color push 0 g 0 G
color pop
color push 0 g 0 G
color pop
color push 0 g 0 G
color pop
color push 0 1 0 0 k 0 1 0 0 K
color pop
color push 0 0 1 rg 0 0 1 RG
color pop
color push 0 g 0 G
color pop
color push 0 1 0 0 k 0 1 0 0 K
color pop
color push 0 g 0 G
color pop
color push 0 g 0 G
color pop
color push 0 1 0 0 k 0 1 0 0 K
color pop
color push 0 g 0 G
color pop
color push 0 g 0 G
color pop
color push 0 g 0 G
color pop
color push 0 g 0 G
color pop
color push 0 g 0 G
color pop
color push 0 g 0 G
color pop
color push 0 1 0 0 k 0 1 0 0 K
color pop
color push 0 g 0 G
color pop
color push 0 g 0 G
color pop
color push 0 g 0 G
color pop
color push 0 g 0 G
color pop
color push 0 g 0 G
color pop
color push 0 g 0 G
color pop
color push 0 g 0 G
color pop
] [20
color push 0 g 0 G
color pop
color push 0 g 0 G
color push 0 g 0 G
color push 0 1 0 0 k 0 1 0 0 K
color pop
color pop
color pop
color push 0 g 0 G
color pop
color push 0 g 0 G
color pop
color push 0 g 0 G
color pop
color push 0 g 0 G
color pop
color push 0 1 0 0 k 0 1 0 0 K
color pop
color push 0 1 0 0 k 0 1 0 0 K
color pop
color push 0 g 0 G
color pop
color push 0 g 0 G
color pop
color push 0 g 0 G
color pop
color push 0 g 0 G
color pop
color push 0 g 0 G
color pop
color push 0 1 0 0 k 0 1 0 0 K
color pop
color push 0 g 0 G
color pop
color push 0 g 0 G
color pop
color push 0 g 0 G
color pop
color push 0 g 0 G
color pop
 <./figures/../figures/0034-4885-73-11-116201_star_PID.jpg>]

Package hyperref Warning: Token not allowed in a PDF string (PDFDocEncoding):
(hyperref)                removing `math shift' on input line 153.


Package hyperref Warning: Token not allowed in a PDF string (PDFDocEncoding):
(hyperref)                removing `subscript' on input line 153.


Package hyperref Warning: Token not allowed in a PDF string (PDFDocEncoding):
(hyperref)                removing `math shift' on input line 153.


<figures/../figures/PhysRevC-96-044904_pTSpectra_39.png, id=643, 803.0pt x 452.
69125pt>
File: figures/../figures/PhysRevC-96-044904_pTSpectra_39.png Graphic file (type
 png)
 <use figures/../figures/PhysRevC-96-044904_pTSpectra_39.png>
Package pdftex.def Info: figures/../figures/PhysRevC-96-044904_pTSpectra_39.png
 used on input line 157.
(pdftex.def)             Requested size: 397.48499pt x 224.0863pt.
 [21
color push 0 g 0 G
color pop
color push 0 g 0 G
color pop
color push 0 g 0 G
color pop
color push 0 g 0 G
color pop
color push 0 g 0 G
color pop
color push 0 g 0 G
color pop
color push 0 1 0 0 k 0 1 0 0 K
color pop
color push 0 g 0 G
color pop
color push 0 g 0 G
color pop
color push 0 g 0 G
color pop
color push 0 g 0 G
color pop
color push 0 g 0 G
color pop
color push 0 g 0 G
color pop
color push 0 g 0 G
color pop
color push 0 g 0 G
color pop
color push 0 g 0 G
color pop
color push 0 g 0 G
color pop
color push 0 g 0 G
color pop
color push 0 g 0 G
color pop
color push 0 g 0 G
color pop
color push 0 g 0 G
color pop
color push 0 g 0 G
color pop
color push 0 0 1 rg 0 0 1 RG
color pop
color push 0 g 0 G
color pop
color push 0 g 0 G
color pop
color push 0 1 0 0 k 0 1 0 0 K
color pop
color push 0 g 0 G
color pop
color push 0 g 0 G
color pop
color push 0 g 0 G
color pop
color push 0 g 0 G
color pop
])
[22
color push 0 g 0 G
color pop
color push 0 g 0 G
color pop
color push 0 0 1 rg 0 0 1 RG
color pop
color push 0 1 0 0 k 0 1 0 0 K
color pop
color push 0 g 0 G
color pop
color push 0 g 0 G
color pop
color push 0 g 0 G
color pop
color push 0 g 0 G
color pop
color push 0 g 0 G
color push 0 g 0 G
color push 0 1 0 0 k 0 1 0 0 K
color pop
color pop
color pop
color push 0 g 0 G
color pop
color push 0 1 0 0 k 0 1 0 0 K
color pop
color push 0 g 0 G
color pop
color push 0 g 0 G
color pop
color push 0 g 0 G
color pop
color push 0 g 0 G
color pop
color push 0 g 0 G
color pop
color push 0 g 0 G
color pop
 <./figures/../figures/PhysRevC-96-044904_pTSpectra_39.png (PNG copy)>]
:<-
:<+ chapters/chapter-4.tex
\openout2 = `chapters/chapter-4.aux'.

(./chapters/chapter-4.tex
Chapter 4.
) [23
color push 0 g 0 G
color pop




color push 0 g 0 G
color pop
color push 0 g 0 G
color pop
color push 0 g 0 G
color pop
color push 0 g 0 G
color pop
color push 0 g 0 G
color pop
]
:<-
:<+ chapters/chapter-5.tex
\openout2 = `chapters/chapter-5.aux'.

(./chapters/chapter-5.tex
Chapter 5.
) [24
color push 0 g 0 G
color pop




color push 0 g 0 G
color pop
color push 0 g 0 G
color pop
color push 0 g 0 G
color pop
color push 0 g 0 G
color pop
]
:<-
:<+ chapters/chapter-6.tex
\openout2 = `chapters/chapter-6.aux'.

(./chapters/chapter-6.tex
Chapter 6.
) [25
color push 0 g 0 G
color pop




color push 0 g 0 G
color pop
color push 0 g 0 G
color pop
color push 0 g 0 G
color pop
color push 0 g 0 G
color pop
]
:<-
[26
color push 0 g 0 G
color pop



color push 0 g 0 G
color pop
color push 0 g 0 G
color pop
color push 0 g 0 G
color pop
]
:<+ biswas-thesis.bbl
(./biswas-thesis.bbl (./biswas-thesis.brf)
\tf@brf=\write7
\openout7 = `biswas-thesis.brf'.

 [27
color push 0 g 0 G
color pop
color push 0 g 0 G
color pop
color push 0 g 0 G
color pop
color push 0 g 0 G
color pop
color push 0 g 0 G
color pop
color push 0 g 0 G
color pop
color push 0 g 0 G
color pop
color push 0 g 0 G
color pop
color push 0 g 0 G
color pop
color push 0 g 0 G
color pop
color push 0 g 0 G
color pop
color push 0 g 0 G
color pop
color push 0 g 0 G
color pop
color push 0 g 0 G
color pop
color push 0 g 0 G
color pop
color push 0 g 0 G
color pop
color push 0 g 0 G
color pop
color push 0 g 0 G
color pop
color push 0 g 0 G
color pop
color push 0 g 0 G
color pop
color push 0 g 0 G
color pop
color push 0 g 0 G
color pop
color push 0 g 0 G
color pop
color push 0 g 0 G
color pop
color push 0 g 0 G
color pop
color push 0 g 0 G
color pop
color push 0 g 0 G
color pop
color push 0 g 0 G
color pop
color push 0 g 0 G
color pop
color push 0 g 0 G
color pop
color push 0 g 0 G
color pop
color push 0 g 0 G
color pop
color push 0 g 0 G
color pop
] [28
color push 0 g 0 G
color pop
color push 0 g 0 G
color pop
color push 0 g 0 G
color pop
color push 0 g 0 G
color pop
color push 0 g 0 G
color pop
color push 0 g 0 G
color pop
color push 0 g 0 G
color pop
color push 0 g 0 G
color pop
color push 0 g 0 G
color pop
color push 0 g 0 G
color pop
color push 0 g 0 G
color pop
color push 0 g 0 G
color pop
color push 0 g 0 G
color pop
color push 0 g 0 G
color pop
color push 0 g 0 G
color pop
color push 0 g 0 G
color pop
color push 0 g 0 G
color pop
color push 0 g 0 G
color pop
color push 0 g 0 G
color pop
color push 0 g 0 G
color pop
color push 0 g 0 G
color pop
color push 0 g 0 G
color pop
color push 0 g 0 G
color pop
color push 0 g 0 G
color pop
color push 0 g 0 G
color pop
color push 0 g 0 G
color pop
color push 0 g 0 G
color pop
color push 0 g 0 G
color pop
color push 0 g 0 G
color pop
color push 0 g 0 G
color pop
color push 0 g 0 G
color pop
color push 0 g 0 G
color pop
] [29
color push 0 g 0 G
color pop
color push 0 g 0 G
color pop
color push 0 g 0 G
color pop
color push 0 g 0 G
color pop
color push 0 g 0 G
color pop
color push 0 g 0 G
color pop
color push 0 g 0 G
color pop
color push 0 g 0 G
color pop
color push 0 g 0 G
color pop
color push 0 g 0 G
color pop
color push 0 g 0 G
color pop
color push 0 g 0 G
color pop
color push 0 g 0 G
color pop
color push 0 g 0 G
color pop
color push 0 g 0 G
color pop
color push 0 g 0 G
color pop
color push 0 g 0 G
color pop
color push 0 g 0 G
color pop
color push 0 g 0 G
color pop
color push 0 g 0 G
color pop
color push 0 g 0 G
color pop
color push 0 g 0 G
color pop
color push 0 g 0 G
color pop
color push 0 g 0 G
color pop
color push 0 g 0 G
color pop
color push 0 g 0 G
color pop
color push 0 g 0 G
color pop
color push 0 g 0 G
color pop
color push 0 g 0 G
color pop
color push 0 g 0 G
color pop
color push 0 g 0 G
color pop
color push 0 g 0 G
color pop
] [30
color push 0 g 0 G
color pop
color push 0 g 0 G
color pop
color push 0 g 0 G
color pop
color push 0 g 0 G
color pop
color push 0 g 0 G
color pop
color push 0 g 0 G
color pop
color push 0 g 0 G
color pop
color push 0 g 0 G
color pop
color push 0 g 0 G
color pop
color push 0 g 0 G
color pop
color push 0 g 0 G
color pop
color push 0 g 0 G
color pop
color push 0 g 0 G
color pop
color push 0 g 0 G
color pop
color push 0 g 0 G
color pop
color push 0 g 0 G
color pop
color push 0 g 0 G
color pop
color push 0 g 0 G
color pop
color push 0 g 0 G
color pop
color push 0 g 0 G
color pop
color push 0 g 0 G
color pop
color push 0 g 0 G
color pop
color push 0 g 0 G
color pop
color push 0 g 0 G
color pop
color push 0 g 0 G
color pop
color push 0 g 0 G
color pop
color push 0 g 0 G
color pop
color push 0 g 0 G
color pop
color push 0 g 0 G
color pop
color push 0 g 0 G
color pop
color push 0 g 0 G
color pop
color push 0 g 0 G
color pop
] [31
color push 0 g 0 G
color pop
color push 0 g 0 G
color pop
color push 0 g 0 G
color pop
color push 0 g 0 G
color pop
color push 0 g 0 G
color pop
color push 0 g 0 G
color pop
color push 0 g 0 G
color pop
color push 0 g 0 G
color pop
color push 0 g 0 G
color pop
color push 0 g 0 G
color pop
color push 0 g 0 G
color pop
color push 0 g 0 G
color pop
color push 0 g 0 G
color pop
color push 0 g 0 G
color pop
color push 0 g 0 G
color pop
color push 0 g 0 G
color pop
color push 0 g 0 G
color pop
color push 0 g 0 G
color pop
color push 0 g 0 G
color pop
color push 0 g 0 G
color pop
color push 0 g 0 G
color pop
color push 0 g 0 G
color pop
color push 0 g 0 G
color pop
color push 0 g 0 G
color pop
color push 0 g 0 G
color pop
color push 0 g 0 G
color pop
color push 0 g 0 G
color pop
color push 0 g 0 G
color pop
color push 0 g 0 G
color pop
color push 0 g 0 G
color pop
color push 0 g 0 G
color pop
color push 0 g 0 G
color pop
] [32
color push 0 g 0 G
color pop
color push 0 g 0 G
color pop
color push 0 g 0 G
color pop
color push 0 g 0 G
color pop
color push 0 g 0 G
color pop
color push 0 g 0 G
color pop
color push 0 g 0 G
color pop
color push 0 g 0 G
color pop
color push 0 g 0 G
color pop
color push 0 g 0 G
color pop
color push 0 g 0 G
color pop
color push 0 g 0 G
color pop
color push 0 g 0 G
color pop
color push 0 g 0 G
color pop
color push 0 g 0 G
color pop
color push 0 g 0 G
color pop
color push 0 g 0 G
color pop
color push 0 0 1 rg 0 0 1 RG
color pop
color push 0 g 0 G
color pop
color push 0 g 0 G
color pop
color push 0 g 0 G
color pop
color push 0 g 0 G
color pop
color push 0 g 0 G
color pop
color push 0 g 0 G
color pop
color push 0 g 0 G
color pop
color push 0 g 0 G
color pop
color push 0 g 0 G
color pop
color push 0 g 0 G
color pop
color push 0 g 0 G
color pop
color push 0 g 0 G
color pop
color push 0 g 0 G
color pop
color push 0 g 0 G
color pop
color push 0 g 0 G
color pop
]
[33
color push 0 g 0 G
color pop
color push 0 g 0 G
color pop
color push 0 g 0 G
color pop
color push 0 g 0 G
color pop
color push 0 g 0 G
color pop
color push 0 g 0 G
color pop
color push 0 g 0 G
color pop
color push 0 g 0 G
color pop
color push 0 g 0 G
color pop
color push 0 g 0 G
color pop
color push 0 g 0 G
color pop
color push 0 g 0 G
color pop
color push 0 g 0 G
color pop
color push 0 g 0 G
color pop
color push 0 g 0 G
color pop
color push 0 g 0 G
color pop
color push 0 g 0 G
color pop
color push 0 g 0 G
color pop
color push 0 g 0 G
color pop
color push 0 g 0 G
color pop
color push 0 g 0 G
color pop
color push 0 g 0 G
color pop
color push 0 g 0 G
color pop
color push 0 g 0 G
color pop
color push 0 g 0 G
color pop
color push 0 g 0 G
color pop
color push 0 g 0 G
color pop
color push 0 g 0 G
color pop
color push 0 g 0 G
color pop
color push 0 g 0 G
color pop
color push 0 g 0 G
color pop
color push 0 g 0 G
color pop
] [34
color push 0 g 0 G
color pop
color push 0 g 0 G
color pop
color push 0 g 0 G
color pop
color push 0 g 0 G
color pop
color push 0 g 0 G
color pop
color push 0 g 0 G
color pop
color push 0 g 0 G
color pop
color push 0 g 0 G
color pop
color push 0 g 0 G
color pop
color push 0 g 0 G
color pop
color push 0 g 0 G
color pop
color push 0 g 0 G
color pop
color push 0 0 1 rg 0 0 1 RG
color pop
color push 0 0 1 rg 0 0 1 RG
color pop
color push 0 g 0 G
color pop
color push 0 0 1 rg 0 0 1 RG
color pop
color push 0 0 1 rg 0 0 1 RG
color pop
color push 0 0 1 rg 0 0 1 RG
color pop
color push 0 g 0 G
color pop
color push 0 g 0 G
color pop
color push 0 g 0 G
color pop
color push 0 g 0 G
color pop
color push 0 g 0 G
color pop
color push 0 g 0 G
color pop
color push 0 g 0 G
color pop
color push 0 g 0 G
color pop
color push 0 g 0 G
color pop
color push 0 g 0 G
color pop
color push 0 g 0 G
color pop
color push 0 g 0 G
color pop
color push 0 g 0 G
color pop
color push 0 g 0 G
color pop
color push 0 g 0 G
color pop
color push 0 g 0 G
color pop
color push 0 g 0 G
color pop
color push 0 g 0 G
color pop
color push 0 g 0 G
color pop
] [35
color push 0 g 0 G
color pop
color push 0 g 0 G
color pop
color push 0 g 0 G
color pop
color push 0 g 0 G
color pop
color push 0 g 0 G
color pop
color push 0 g 0 G
color pop
color push 0 g 0 G
color pop
color push 0 g 0 G
color pop
color push 0 g 0 G
color pop
color push 0 g 0 G
color pop
color push 0 g 0 G
color pop
color push 0 g 0 G
color pop
color push 0 g 0 G
color pop
color push 0 g 0 G
color pop
color push 0 g 0 G
color pop
color push 0 g 0 G
color pop
color push 0 g 0 G
color pop
color push 0 g 0 G
color pop
color push 0 g 0 G
color pop
color push 0 g 0 G
color pop
color push 0 g 0 G
color pop
color push 0 g 0 G
color pop
color push 0 g 0 G
color pop
color push 0 g 0 G
color pop
color push 0 g 0 G
color pop
color push 0 g 0 G
color pop
color push 0 g 0 G
color pop
color push 0 g 0 G
color pop
color push 0 g 0 G
color pop
color push 0 g 0 G
color pop
color push 0 g 0 G
color pop
color push 0 g 0 G
color pop
] [36
color push 0 g 0 G
color pop
color push 0 g 0 G
color pop
color push 0 g 0 G
color pop
color push 0 g 0 G
color pop
color push 0 g 0 G
color pop
color push 0 g 0 G
color pop
color push 0 g 0 G
color pop
color push 0 g 0 G
color pop
color push 0 g 0 G
color pop
color push 0 g 0 G
color pop
color push 0 g 0 G
color pop
color push 0 g 0 G
color pop
color push 0 g 0 G
color pop
color push 0 g 0 G
color pop
color push 0 g 0 G
color pop
color push 0 g 0 G
color pop
color push 0 g 0 G
color pop
color push 0 g 0 G
color pop
color push 0 g 0 G
color pop
color push 0 g 0 G
color pop
color push 0 g 0 G
color pop
color push 0 g 0 G
color pop
color push 0 g 0 G
color pop
color push 0 g 0 G
color pop
color push 0 g 0 G
color pop
color push 0 g 0 G
color pop
color push 0 g 0 G
color pop
color push 0 g 0 G
color pop
color push 0 g 0 G
color pop
color push 0 g 0 G
color pop
color push 0 g 0 G
color pop
color push 0 g 0 G
color pop
] [37
color push 0 g 0 G
color pop
color push 0 g 0 G
color pop
color push 0 g 0 G
color pop
color push 0 g 0 G
color pop
color push 0 g 0 G
color pop
color push 0 g 0 G
color pop
color push 0 g 0 G
color pop
color push 0 g 0 G
color pop
color push 0 g 0 G
color pop
color push 0 g 0 G
color pop
color push 0 g 0 G
color pop
color push 0 g 0 G
color pop
color push 0 g 0 G
color pop
color push 0 g 0 G
color pop
color push 0 g 0 G
color pop
color push 0 g 0 G
color pop
color push 0 g 0 G
color pop
color push 0 g 0 G
color pop
color push 0 g 0 G
color pop
color push 0 g 0 G
color pop
color push 0 g 0 G
color pop
color push 0 g 0 G
color pop
color push 0 g 0 G
color pop
color push 0 g 0 G
color pop
color push 0 g 0 G
color pop
color push 0 g 0 G
color pop
color push 0 g 0 G
color pop
color push 0 g 0 G
color pop
color push 0 g 0 G
color pop
color push 0 g 0 G
color pop
color push 0 g 0 G
color pop
] [38
color push 0 g 0 G
color pop
color push 0 g 0 G
color pop
color push 0 g 0 G
color pop
color push 0 0 1 rg 0 0 1 RG
color pop
color push 0 0 1 rg 0 0 1 RG
color pop
color push 0 g 0 G
color pop
color push 0 g 0 G
color pop
color push 0 g 0 G
color pop
color push 0 g 0 G
color pop
color push 0 g 0 G
color pop
color push 0 g 0 G
color pop
color push 0 g 0 G
color pop
color push 0 g 0 G
color pop
color push 0 g 0 G
color pop
color push 0 g 0 G
color pop
color push 0 g 0 G
color pop
color push 0 g 0 G
color pop
color push 0 g 0 G
color pop
color push 0 g 0 G
color pop
color push 0 g 0 G
color pop
color push 0 g 0 G
color pop
color push 0 g 0 G
color pop
color push 0 g 0 G
color pop
color push 0 g 0 G
color pop
color push 0 g 0 G
color pop
color push 0 g 0 G
color pop
color push 0 g 0 G
color pop
color push 0 g 0 G
color pop
color push 0 g 0 G
color pop
color push 0 g 0 G
color pop
color push 0 g 0 G
color pop
color push 0 g 0 G
color pop
color push 0 g 0 G
color pop
color push 0 g 0 G
color pop
] [39
color push 0 g 0 G
color pop
color push 0 g 0 G
color pop
color push 0 g 0 G
color pop
color push 0 g 0 G
color pop
color push 0 g 0 G
color pop
color push 0 g 0 G
color pop
color push 0 g 0 G
color pop
color push 0 g 0 G
color pop
color push 0 g 0 G
color pop
color push 0 g 0 G
color pop
color push 0 g 0 G
color pop
color push 0 g 0 G
color pop
color push 0 g 0 G
color pop
color push 0 g 0 G
color pop
color push 0 g 0 G
color pop
color push 0 g 0 G
color pop
color push 0 g 0 G
color pop
color push 0 g 0 G
color pop
color push 0 g 0 G
color pop
color push 0 g 0 G
color pop
color push 0 g 0 G
color pop
color push 0 g 0 G
color pop
color push 0 g 0 G
color pop
color push 0 g 0 G
color pop
color push 0 g 0 G
color pop
color push 0 g 0 G
color pop
color push 0 g 0 G
color pop
color push 0 g 0 G
color pop
color push 0 g 0 G
color pop
color push 0 g 0 G
color pop
color push 0 g 0 G
color pop
color push 0 g 0 G
color pop
] [40
color push 0 g 0 G
color pop
color push 0 g 0 G
color pop
color push 0 g 0 G
color pop
color push 0 g 0 G
color pop
color push 0 g 0 G
color pop
color push 0 g 0 G
color pop
color push 0 g 0 G
color pop
color push 0 0 1 rg 0 0 1 RG
color pop
color push 0 g 0 G
color pop
color push 0 g 0 G
color pop
color push 0 g 0 G
color pop
color push 0 g 0 G
color pop
color push 0 g 0 G
color pop
color push 0 g 0 G
color pop
color push 0 g 0 G
color pop
color push 0 g 0 G
color pop
color push 0 g 0 G
color pop
color push 0 g 0 G
color pop
color push 0 g 0 G
color pop
color push 0 g 0 G
color pop
color push 0 g 0 G
color pop
color push 0 g 0 G
color pop
color push 0 g 0 G
color pop
color push 0 g 0 G
color pop
color push 0 g 0 G
color pop
color push 0 g 0 G
color pop
color push 0 g 0 G
color pop
color push 0 g 0 G
color pop
color push 0 g 0 G
color pop
color push 0 g 0 G
color pop
color push 0 g 0 G
color pop
color push 0 g 0 G
color pop
color push 0 g 0 G
color pop
] [41
color push 0 g 0 G
color pop
color push 0 g 0 G
color pop
color push 0 g 0 G
color pop
color push 0 g 0 G
color pop
color push 0 g 0 G
color pop
color push 0 g 0 G
color pop
color push 0 g 0 G
color pop
color push 0 g 0 G
color pop
color push 0 g 0 G
color pop
color push 0 g 0 G
color pop
color push 0 g 0 G
color pop
color push 0 g 0 G
color pop
color push 0 g 0 G
color pop
color push 0 g 0 G
color pop
color push 0 g 0 G
color pop
color push 0 g 0 G
color pop
color push 0 g 0 G
color pop
color push 0 g 0 G
color pop
color push 0 g 0 G
color pop
color push 0 g 0 G
color pop
color push 0 g 0 G
color pop
color push 0 g 0 G
color pop
color push 0 g 0 G
color pop
color push 0 g 0 G
color pop
color push 0 g 0 G
color pop
color push 0 g 0 G
color pop
color push 0 g 0 G
color pop
color push 0 g 0 G
color pop
color push 0 g 0 G
color pop
color push 0 g 0 G
color pop
color push 0 g 0 G
color pop
color push 0 g 0 G
color pop
] [42
color push 0 g 0 G
color pop
color push 0 0 1 rg 0 0 1 RG
color pop
color push 0 g 0 G
color pop
color push 0 g 0 G
color pop
color push 0 g 0 G
color pop
color push 0 0 1 rg 0 0 1 RG
color pop
color push 0 g 0 G
color pop
color push 0 g 0 G
color pop
color push 0 g 0 G
color pop
color push 0 g 0 G
color pop
color push 0 0 1 rg 0 0 1 RG
color pop
color push 0 0 1 rg 0 0 1 RG
color pop
color push 0 g 0 G
color pop
color push 0 g 0 G
color pop
color push 0 g 0 G
color pop
color push 0 0 1 rg 0 0 1 RG
color pop
color push 0 g 0 G
color pop
color push 0 g 0 G
color pop
color push 0 g 0 G
color pop
color push 0 g 0 G
color pop
color push 0 g 0 G
color pop
color push 0 g 0 G
color pop
color push 0 g 0 G
color pop
color push 0 g 0 G
color pop
color push 0 g 0 G
color pop
color push 0 g 0 G
color pop
color push 0 g 0 G
color pop
color push 0 g 0 G
color pop
color push 0 g 0 G
color pop
color push 0 g 0 G
color pop
color push 0 g 0 G
color pop
color push 0 g 0 G
color pop
color push 0 g 0 G
color pop
color push 0 g 0 G
color pop
color push 0 g 0 G
color pop
color push 0 g 0 G
color pop
color push 0 g 0 G
color pop
color push 0 g 0 G
color pop
color push 0 g 0 G
color pop
] [43
color push 0 g 0 G
color pop
color push 0 g 0 G
color pop
color push 0 g 0 G
color pop
color push 0 g 0 G
color pop
color push 0 g 0 G
color pop
color push 0 g 0 G
color pop
color push 0 g 0 G
color pop
color push 0 g 0 G
color pop
color push 0 g 0 G
color pop
color push 0 g 0 G
color pop
color push 0 g 0 G
color pop
color push 0 g 0 G
color pop
color push 0 g 0 G
color pop
color push 0 g 0 G
color pop
color push 0 g 0 G
color pop
color push 0 g 0 G
color pop
color push 0 g 0 G
color pop
color push 0 g 0 G
color pop
color push 0 g 0 G
color pop
color push 0 g 0 G
color pop
color push 0 g 0 G
color pop
color push 0 g 0 G
color pop
color push 0 g 0 G
color pop
color push 0 g 0 G
color pop
color push 0 g 0 G
color pop
color push 0 g 0 G
color pop
color push 0 g 0 G
color pop
color push 0 g 0 G
color pop
color push 0 g 0 G
color pop
color push 0 g 0 G
color pop
color push 0 g 0 G
color pop
color push 0 g 0 G
color pop
] [44
color push 0 g 0 G
color pop
color push 0 g 0 G
color pop
color push 0 g 0 G
color pop
color push 0 g 0 G
color pop
color push 0 g 0 G
color pop
color push 0 g 0 G
color pop
color push 0 g 0 G
color pop
color push 0 g 0 G
color pop
color push 0 g 0 G
color pop
color push 0 g 0 G
color pop
color push 0 g 0 G
color pop
color push 0 g 0 G
color pop
color push 0 g 0 G
color pop
color push 0 g 0 G
color pop
color push 0 g 0 G
color pop
color push 0 g 0 G
color pop
color push 0 g 0 G
color pop
color push 0 g 0 G
color pop
color push 0 g 0 G
color pop
color push 0 g 0 G
color pop
color push 0 g 0 G
color pop
color push 0 g 0 G
color pop
color push 0 g 0 G
color pop
color push 0 g 0 G
color pop
color push 0 g 0 G
color pop
color push 0 g 0 G
color pop
color push 0 g 0 G
color pop
color push 0 g 0 G
color pop
color push 0 g 0 G
color pop
color push 0 g 0 G
color pop
color push 0 g 0 G
color pop
color push 0 g 0 G
color pop
] [45
color push 0 g 0 G
color pop
color push 0 g 0 G
color pop
color push 0 g 0 G
color pop
color push 0 g 0 G
color pop
color push 0 g 0 G
color pop
color push 0 g 0 G
color pop
color push 0 g 0 G
color pop
color push 0 g 0 G
color pop
color push 0 g 0 G
color pop
color push 0 g 0 G
color pop
color push 0 g 0 G
color pop
color push 0 g 0 G
color pop
color push 0 g 0 G
color pop
color push 0 g 0 G
color pop
color push 0 g 0 G
color pop
color push 0 g 0 G
color pop
color push 0 g 0 G
color pop
color push 0 g 0 G
color pop
color push 0 g 0 G
color pop
color push 0 g 0 G
color pop
color push 0 g 0 G
color pop
color push 0 g 0 G
color pop
color push 0 g 0 G
color pop
color push 0 g 0 G
color pop
color push 0 g 0 G
color pop
color push 0 g 0 G
color pop
color push 0 g 0 G
color pop
color push 0 g 0 G
color pop
color push 0 g 0 G
color pop
color push 0 g 0 G
color pop
color push 0 g 0 G
color pop
color push 0 g 0 G
color pop
] [46
color push 0 g 0 G
color pop
color push 0 g 0 G
color pop
color push 0 g 0 G
color pop
color push 0 g 0 G
color pop
color push 0 g 0 G
color pop
color push 0 g 0 G
color pop
color push 0 g 0 G
color pop
color push 0 g 0 G
color pop
color push 0 g 0 G
color pop
color push 0 g 0 G
color pop
color push 0 g 0 G
color pop
color push 0 g 0 G
color pop
color push 0 g 0 G
color pop
color push 0 g 0 G
color pop
color push 0 g 0 G
color pop
color push 0 g 0 G
color pop
color push 0 g 0 G
color pop
color push 0 g 0 G
color pop
color push 0 g 0 G
color pop
color push 0 g 0 G
color pop
color push 0 g 0 G
color pop
color push 0 g 0 G
color pop
color push 0 g 0 G
color pop
color push 0 g 0 G
color pop
color push 0 g 0 G
color pop
color push 0 g 0 G
color pop
color push 0 g 0 G
color pop
color push 0 g 0 G
color pop
color push 0 g 0 G
color pop
color push 0 g 0 G
color pop
color push 0 g 0 G
color pop
color push 0 g 0 G
color pop
] [47
color push 0 g 0 G
color pop
color push 0 g 0 G
color pop
color push 0 g 0 G
color pop
color push 0 g 0 G
color pop
color push 0 g 0 G
color pop
color push 0 g 0 G
color pop
color push 0 g 0 G
color pop
color push 0 g 0 G
color pop
color push 0 g 0 G
color pop
color push 0 g 0 G
color pop
color push 0 g 0 G
color pop
color push 0 g 0 G
color pop
color push 0 g 0 G
color pop
color push 0 g 0 G
color pop
color push 0 g 0 G
color pop
color push 0 g 0 G
color pop
color push 0 g 0 G
color pop
color push 0 g 0 G
color pop
color push 0 g 0 G
color pop
color push 0 g 0 G
color pop
color push 0 g 0 G
color pop
color push 0 g 0 G
color pop
color push 0 g 0 G
color pop
color push 0 g 0 G
color pop
color push 0 g 0 G
color pop
color push 0 g 0 G
color pop
color push 0 g 0 G
color pop
color push 0 g 0 G
color pop
color push 0 g 0 G
color pop
color push 0 g 0 G
color pop
color push 0 g 0 G
color pop
color push 0 g 0 G
color pop
]
[48
color push 0 g 0 G
color pop
color push 0 g 0 G
color pop
color push 0 g 0 G
color pop
color push 0 g 0 G
color pop
color push 0 g 0 G
color pop
color push 0 g 0 G
color pop
color push 0 g 0 G
color pop
color push 0 g 0 G
color pop
color push 0 g 0 G
color pop
color push 0 g 0 G
color pop
color push 0 g 0 G
color pop
color push 0 g 0 G
color pop
color push 0 g 0 G
color pop
color push 0 g 0 G
color pop
color push 0 g 0 G
color pop
color push 0 g 0 G
color pop
color push 0 g 0 G
color pop
color push 0 g 0 G
color pop
color push 0 g 0 G
color pop
color push 0 g 0 G
color pop
color push 0 g 0 G
color pop
color push 0 g 0 G
color pop
color push 0 g 0 G
color pop
color push 0 g 0 G
color pop
color push 0 g 0 G
color pop
color push 0 g 0 G
color pop
color push 0 g 0 G
color pop
color push 0 g 0 G
color pop
color push 0 g 0 G
color pop
color push 0 g 0 G
color pop
color push 0 g 0 G
color pop
color push 0 g 0 G
color pop
]
Missing character: There is no  in font cmr12!
Missing character: There is no  in font cmr12!
Missing character: There is no  in font cmr12!
Missing character: There is no  in font cmr12!
Missing character: There is no  in font cmr12!
Missing character: There is no  in font cmr12!
Missing character: There is no  in font cmr12!
Missing character: There is no  in font cmr12!
Missing character: There is no  in font cmr12!
Missing character: There is no  in font cmr12!
Missing character: There is no  in font cmr12!
Missing character: There is no  in font cmr12!
Missing character: There is no  in font cmr12!
Missing character: There is no  in font cmr12!
Missing character: There is no  in font cmr12!
Missing character: There is no  in font cmr12!
Missing character: There is no  in font cmr12!
Missing character: There is no  in font cmr12!
Missing character: There is no  in font cmr12!
Missing character: There is no  in font cmr12!
Missing character: There is no  in font cmr12!
Missing character: There is no  in font cmr12!
Missing character: There is no  in font cmr12!
Missing character: There is no  in font cmr12!
Missing character: There is no  in font cmr12!
Missing character: There is no  in font cmr12!
Missing character: There is no  in font cmr12!
Missing character: There is no  in font cmr12!
Missing character: There is no  in font cmr12!
Missing character: There is no  in font cmr12!
Missing character: There is no  in font cmr12!
Missing character: There is no  in font cmr12!
Missing character: There is no  in font cmr12!
Missing character: There is no  in font cmr12!
Missing character: There is no  in font cmr12!
Missing character: There is no  in font cmr12!
Missing character: There is no  in font cmr12!
Missing character: There is no  in font cmr12!
Missing character: There is no  in font cmr12!
Missing character: There is no  in font cmr12!
Missing character: There is no  in font cmr12!
Missing character: There is no  in font cmr12!
Missing character: There is no  in font cmr12!
Missing character: There is no  in font cmr12!
Missing character: There is no  in font cmr12!
Missing character: There is no  in font cmr12!
Missing character: There is no  in font cmr12!
Missing character: There is no  in font cmr12!
Missing character: There is no  in font cmr12!
Missing character: There is no  in font cmr12!
Missing character: There is no  in font cmr12!
Missing character: There is no  in font cmr12!
Missing character: There is no  in font cmr12!
Missing character: There is no  in font cmr12!
Missing character: There is no  in font cmr12!
Missing character: There is no  in font cmr12!
Missing character: There is no  in font cmr12!
Missing character: There is no  in font cmr12!
Missing character: There is no  in font cmr12!
Missing character: There is no  in font cmr12!
Missing character: There is no  in font cmr12!
Missing character: There is no  in font cmr12!
Missing character: There is no  in font cmr12!
Missing character: There is no  in font cmr12!
Missing character: There is no  in font cmr12!
Missing character: There is no  in font cmr12!
Missing character: There is no  in font cmr12!
Missing character: There is no  in font cmr12!
Missing character: There is no  in font cmr12!
Missing character: There is no  in font cmr12!
Missing character: There is no  in font cmr12!
Missing character: There is no  in font cmr12!
Missing character: There is no  in font cmr12!
Missing character: There is no  in font cmr12!
Missing character: There is no  in font cmr12!
Missing character: There is no  in font cmr12!
Missing character: There is no  in font cmr12!
Missing character: There is no  in font cmr12!
Missing character: There is no  in font cmr12!
Missing character: There is no  in font cmr12!
Missing character: There is no  in font cmr12!
Missing character: There is no  in font cmr12!
Missing character: There is no  in font cmr12!
Missing character: There is no  in font cmr12!
Missing character: There is no  in font cmr12!
Missing character: There is no  in font cmr12!
Missing character: There is no  in font cmr12!
Missing character: There is no  in font cmr12!
Missing character: There is no  in font cmr12!
Missing character: There is no  in font cmr12!
Missing character: There is no  in font cmr12!
Missing character: There is no  in font cmr12!
Missing character: There is no  in font cmr12!
Missing character: There is no  in font cmr12!
Missing character: There is no  in font cmr12!
Missing character: There is no  in font cmr12!
Missing character: There is no  in font cmr12!
Missing character: There is no  in font cmr12!
Missing character: There is no  in font cmr12!
Missing character: There is no  in font cmr12!
Missing character: There is no  in font cmr12!
Missing character: There is no  in font cmr12!
Missing character: There is no  in font cmr12!
Missing character: There is no  in font cmr12!
Missing character: There is no  in font cmr12!
Missing character: There is no  in font cmr12!
Missing character: There is no  in font cmr12!
Missing character: There is no  in font cmr12!
Missing character: There is no  in font cmr12!
Missing character: There is no  in font cmr12!
Missing character: There is no  in font cmr12!
Missing character: There is no  in font cmr12!
Missing character: There is no  in font cmr12!
Missing character: There is no  in font cmr12!
Missing character: There is no  in font cmr12!
Missing character: There is no  in font cmr12!
Missing character: There is no  in font cmr12!
Missing character: There is no  in font cmr12!
Missing character: There is no  in font cmr12!
Missing character: There is no  in font cmr12!
Missing character: There is no  in font cmr12!
Missing character: There is no  in font cmr12!
Missing character: There is no  in font cmr12!
Missing character: There is no  in font cmr12!
Missing character: There is no  in font cmr12!
Missing character: There is no  in font cmr12!
Missing character: There is no  in font cmr12!
Missing character: There is no  in font cmr12!
Missing character: There is no  in font cmr12!
Missing character: There is no  in font cmr12!
Missing character: There is no  in font cmr12!
Missing character: There is no  in font cmr12!
Missing character: There is no  in font cmr12!
Missing character: There is no  in font cmr12!
Missing character: There is no  in font cmr12!
Missing character: There is no  in font cmr12!
Missing character: There is no  in font cmr12!
Missing character: There is no  in font cmr12!
Missing character: There is no  in font cmr12!
Missing character: There is no  in font cmr12!
Missing character: There is no  in font cmr12!
Missing character: There is no  in font cmr12!
Missing character: There is no  in font cmr12!
Missing character: There is no  in font cmr12!
Missing character: There is no  in font cmr12!
Missing character: There is no  in font cmr12!
Missing character: There is no  in font cmr12!
Missing character: There is no  in font cmr12!
Missing character: There is no  in font cmr12!
Missing character: There is no  in font cmr12!
Missing character: There is no  in font cmr12!
Missing character: There is no  in font cmr12!
Missing character: There is no  in font cmr12!
Missing character: There is no  in font cmr12!
Missing character: There is no  in font cmr12!
Missing character: There is no  in font cmr12!
 [49
color push 0 g 0 G
color pop
color push 0 g 0 G
color pop
color push 0 g 0 G
color pop
color push 0 g 0 G
color pop
color push 0 g 0 G
color pop
color push 0 g 0 G
color pop
color push 0 g 0 G
color pop
color push 0 g 0 G
color pop
color push 0 g 0 G
color pop
color push 0 g 0 G
color pop
color push 0 g 0 G
color pop
color push 0 g 0 G
color pop
color push 0 g 0 G
color pop
color push 0 g 0 G
color pop
color push 0 g 0 G
color pop
color push 0 g 0 G
color pop
color push 0 g 0 G
color pop
color push 0 g 0 G
color pop
color push 0 g 0 G
color pop
color push 0 g 0 G
color pop
color push 0 g 0 G
color pop
color push 0 g 0 G
color pop
color push 0 g 0 G
color pop
color push 0 g 0 G
color pop
color push 0 g 0 G
color pop
color push 0 g 0 G
color pop
color push 0 g 0 G
color pop
color push 0 g 0 G
color pop
color push 0 0 1 rg 0 0 1 RG
color pop
color push 0 0 1 rg 0 0 1 RG
color pop
color push 0 g 0 G
color pop
color push 0 g 0 G
color pop
] [50
color push 0 g 0 G
color pop
color push 0 g 0 G
color pop
color push 0 g 0 G
color pop
color push 0 g 0 G
color pop
color push 0 g 0 G
color pop
color push 0 g 0 G
color pop
color push 0 g 0 G
color pop
color push 0 g 0 G
color pop
color push 0 g 0 G
color pop
color push 0 g 0 G
color pop
color push 0 g 0 G
color pop
color push 0 g 0 G
color pop
color push 0 g 0 G
color pop
color push 0 g 0 G
color pop
color push 0 g 0 G
color pop
color push 0 g 0 G
color pop
color push 0 g 0 G
color pop
color push 0 g 0 G
color pop
color push 0 g 0 G
color pop
color push 0 g 0 G
color pop
color push 0 g 0 G
color pop
color push 0 g 0 G
color pop
color push 0 g 0 G
color pop
color push 0 g 0 G
color pop
color push 0 g 0 G
color pop
color push 0 g 0 G
color pop
color push 0 g 0 G
color pop
color push 0 g 0 G
color pop
color push 0 g 0 G
color pop
color push 0 g 0 G
color pop
color push 0 g 0 G
color pop
color push 0 g 0 G
color pop
color push 0 g 0 G
color pop
] [51
color push 0 g 0 G
color pop
color push 0 g 0 G
color pop
color push 0 g 0 G
color pop
color push 0 g 0 G
color pop
color push 0 g 0 G
color pop
color push 0 g 0 G
color pop
color push 0 g 0 G
color pop
color push 0 g 0 G
color pop
color push 0 g 0 G
color pop
color push 0 g 0 G
color pop
color push 0 g 0 G
color pop
color push 0 g 0 G
color pop
color push 0 g 0 G
color pop
color push 0 g 0 G
color pop
color push 0 g 0 G
color pop
color push 0 g 0 G
color pop
color push 0 g 0 G
color pop
color push 0 g 0 G
color pop
color push 0 g 0 G
color pop
color push 0 g 0 G
color pop
color push 0 g 0 G
color pop
color push 0 g 0 G
color pop
color push 0 g 0 G
color pop
color push 0 g 0 G
color pop
color push 0 g 0 G
color pop
color push 0 g 0 G
color pop
color push 0 g 0 G
color pop
color push 0 g 0 G
color pop
color push 0 g 0 G
color pop
color push 0 g 0 G
color pop
color push 0 g 0 G
color pop
color push 0 g 0 G
color pop
] [52
color push 0 g 0 G
color pop
color push 0 g 0 G
color pop
color push 0 g 0 G
color pop
color push 0 g 0 G
color pop
color push 0 g 0 G
color pop
color push 0 g 0 G
color pop
color push 0 g 0 G
color pop
color push 0 g 0 G
color pop
color push 0 g 0 G
color pop
color push 0 g 0 G
color pop
color push 0 g 0 G
color pop
color push 0 g 0 G
color pop
color push 0 g 0 G
color pop
color push 0 g 0 G
color pop
color push 0 g 0 G
color pop
color push 0 g 0 G
color pop
color push 0 g 0 G
color pop
color push 0 g 0 G
color pop
color push 0 g 0 G
color pop
color push 0 g 0 G
color pop
color push 0 g 0 G
color pop
color push 0 g 0 G
color pop
color push 0 g 0 G
color pop
color push 0 g 0 G
color pop
color push 0 g 0 G
color pop
color push 0 g 0 G
color pop
color push 0 g 0 G
color pop
color push 0 g 0 G
color pop
color push 0 g 0 G
color pop
color push 0 g 0 G
color pop
color push 0 g 0 G
color pop
color push 0 g 0 G
color pop
] [53
color push 0 g 0 G
color pop
color push 0 g 0 G
color pop
color push 0 g 0 G
color pop
color push 0 g 0 G
color pop
color push 0 g 0 G
color pop
color push 0 g 0 G
color pop
color push 0 g 0 G
color pop
color push 0 g 0 G
color pop
color push 0 g 0 G
color pop
color push 0 g 0 G
color pop
color push 0 g 0 G
color pop
color push 0 g 0 G
color pop
color push 0 g 0 G
color pop
color push 0 g 0 G
color pop
color push 0 g 0 G
color pop
color push 0 g 0 G
color pop
color push 0 g 0 G
color pop
color push 0 g 0 G
color pop
color push 0 g 0 G
color pop
color push 0 g 0 G
color pop
color push 0 g 0 G
color pop
color push 0 g 0 G
color pop
color push 0 g 0 G
color pop
color push 0 g 0 G
color pop
color push 0 g 0 G
color pop
color push 0 g 0 G
color pop
color push 0 g 0 G
color pop
color push 0 g 0 G
color pop
color push 0 g 0 G
color pop
color push 0 g 0 G
color pop
color push 0 g 0 G
color pop
color push 0 g 0 G
color pop
] [54
color push 0 g 0 G
color pop
color push 0 g 0 G
color pop
color push 0 g 0 G
color pop
color push 0 g 0 G
color pop
color push 0 g 0 G
color pop
color push 0 g 0 G
color pop
color push 0 g 0 G
color pop
color push 0 g 0 G
color pop
color push 0 g 0 G
color pop
color push 0 g 0 G
color pop
color push 0 g 0 G
color pop
color push 0 g 0 G
color pop
color push 0 g 0 G
color pop
color push 0 g 0 G
color pop
color push 0 g 0 G
color pop
color push 0 g 0 G
color pop
color push 0 g 0 G
color pop
color push 0 g 0 G
color pop
color push 0 g 0 G
color pop
color push 0 g 0 G
color pop
color push 0 g 0 G
color pop
color push 0 g 0 G
color pop
color push 0 g 0 G
color pop
color push 0 g 0 G
color pop
color push 0 g 0 G
color pop
color push 0 g 0 G
color pop
color push 0 g 0 G
color pop
color push 0 g 0 G
color pop
color push 0 g 0 G
color pop
color push 0 g 0 G
color pop
color push 0 g 0 G
color pop
color push 0 g 0 G
color pop
] [55
color push 0 g 0 G
color pop
color push 0 g 0 G
color pop
color push 0 g 0 G
color pop
color push 0 g 0 G
color pop
color push 0 g 0 G
color pop
color push 0 g 0 G
color pop
color push 0 g 0 G
color pop
color push 0 g 0 G
color pop
color push 0 g 0 G
color pop
color push 0 g 0 G
color pop
color push 0 g 0 G
color pop
color push 0 g 0 G
color pop
color push 0 g 0 G
color pop
color push 0 g 0 G
color pop
color push 0 g 0 G
color pop
color push 0 g 0 G
color pop
color push 0 g 0 G
color pop
color push 0 g 0 G
color pop
color push 0 g 0 G
color pop
color push 0 g 0 G
color pop
color push 0 g 0 G
color pop
color push 0 g 0 G
color pop
color push 0 g 0 G
color pop
color push 0 g 0 G
color pop
color push 0 g 0 G
color pop
color push 0 0 1 rg 0 0 1 RG
color pop
color push 0 g 0 G
color pop
color push 0 g 0 G
color pop
color push 0 g 0 G
color pop
color push 0 0 1 rg 0 0 1 RG
color pop
color push 0 0 1 rg 0 0 1 RG
color pop
color push 0 0 1 rg 0 0 1 RG
color pop
color push 0 g 0 G
color pop
color push 0 g 0 G
color pop
color push 0 g 0 G
color pop
color push 0 0 1 rg 0 0 1 RG
color pop
color push 0 g 0 G
color pop
color push 0 g 0 G
color pop
] [56
color push 0 g 0 G
color pop
color push 0 g 0 G
color pop
color push 0 g 0 G
color pop
color push 0 0 1 rg 0 0 1 RG
color pop
color push 0 g 0 G
color pop
color push 0 g 0 G
color pop
color push 0 g 0 G
color pop
color push 0 g 0 G
color pop
color push 0 0 1 rg 0 0 1 RG
color pop
color push 0 g 0 G
color pop
color push 0 g 0 G
color pop
color push 0 g 0 G
color pop
color push 0 g 0 G
color pop
color push 0 0 1 rg 0 0 1 RG
color pop
color push 0 g 0 G
color pop
color push 0 g 0 G
color pop
color push 0 g 0 G
color pop
color push 0 0 1 rg 0 0 1 RG
color pop
color push 0 0 1 rg 0 0 1 RG
color pop
color push 0 0 1 rg 0 0 1 RG
color pop
color push 0 g 0 G
color pop
color push 0 g 0 G
color pop
color push 0 g 0 G
color pop
color push 0 0 1 rg 0 0 1 RG
color pop
color push 0 g 0 G
color pop
color push 0 g 0 G
color pop
color push 0 g 0 G
color pop
color push 0 0 1 rg 0 0 1 RG
color pop
color push 0 g 0 G
color pop
color push 0 g 0 G
color pop
color push 0 g 0 G
color pop
color push 0 g 0 G
color pop
color push 0 0 1 rg 0 0 1 RG
color pop
color push 0 g 0 G
color pop
color push 0 g 0 G
color pop
color push 0 0 1 rg 0 0 1 RG
color pop
color push 0 g 0 G
color pop
color push 0 g 0 G
color pop
color push 0 g 0 G
color pop
color push 0 g 0 G
color pop
color push 0 0 1 rg 0 0 1 RG
color pop
color push 0 g 0 G
color pop
color push 0 g 0 G
color pop
color push 0 g 0 G
color pop
color push 0 0 1 rg 0 0 1 RG
color pop
color push 0 g 0 G
color pop
color push 0 g 0 G
color pop
color push 0 g 0 G
color pop
color push 0 0 1 rg 0 0 1 RG
color pop
color push 0 0 1 rg 0 0 1 RG
color pop
color push 0 0 1 rg 0 0 1 RG
color pop
color push 0 g 0 G
color pop
color push 0 g 0 G
color pop
])
:<-
[57
color push 0 g 0 G
color pop
color push 0 g 0 G
color pop
color push 0 g 0 G
color pop
color push 0 0 1 rg 0 0 1 RG
color pop
color push 0 g 0 G
color pop
color push 0 g 0 G
color pop
color push 0 g 0 G
color pop
color push 0 0 1 rg 0 0 1 RG
color pop
color push 0 0 1 rg 0 0 1 RG
color pop
color push 0 g 0 G
color pop
color push 0 g 0 G
color pop
color push 0 g 0 G
color pop
color push 0 g 0 G
color pop
color push 0 0 1 rg 0 0 1 RG
color pop
color push 0 g 0 G
color pop
color push 0 g 0 G
color pop
color push 0 g 0 G
color pop
color push 0 0 1 rg 0 0 1 RG
color pop
color push 0 0 1 rg 0 0 1 RG
color pop
color push 0 g 0 G
color pop
color push 0 g 0 G
color pop
color push 0 g 0 G
color pop
color push 0 g 0 G
color pop
color push 0 0 1 rg 0 0 1 RG
color pop
color push 0 g 0 G
color pop
color push 0 g 0 G
color pop
color push 0 g 0 G
color pop
color push 0 0 1 rg 0 0 1 RG
color pop
color push 0 g 0 G
color pop
color push 0 g 0 G
color pop
color push 0 g 0 G
color pop
color push 0 g 0 G
color pop
color push 0 0 1 rg 0 0 1 RG
color pop
color push 0 g 0 G
color pop
color push 0 g 0 G
color pop
color push 0 g 0 G
color pop
color push 0 g 0 G
color pop
color push 0 0 1 rg 0 0 1 RG
color pop
color push 0 0 1 rg 0 0 1 RG
color pop
color push 0 g 0 G
color pop
color push 0 g 0 G
color pop
] [58
color push 0 g 0 G
color pop


color push 0 g 0 G
color pop
color push 0 g 0 G
color pop
color push 0 g 0 G
color pop
]
:<+ back-matter/appendix-1.tex
\openout2 = `back-matter/appendix-1.aux'.

No file back-matter/appendix-1.tex.
:<-
:<+ back-matter/appendix-2.tex
\openout2 = `back-matter/appendix-2.aux'.

No file back-matter/appendix-2.tex.
:<-
:<+ back-matter/vita.tex
\openout2 = `back-matter/vita.aux'.

No file back-matter/vita.tex.
:<-
Package atveryend Info: Empty hook `BeforeClearDocument' on input line 141.
Package atveryend Info: Empty hook `AfterLastShipout' on input line 141.
(./biswas-thesis.aux (./front-matter/dedication.aux)
(./front-matter/acknowledgments.aux) (./front-matter/abstract.aux)
(./front-matter.aux) (./chapters/chapter-1.aux) (./chapters/chapter-2.aux)
(./chapters/chapter-3.aux) (./chapters/chapter-4.aux) (./chapters/chapter-5.aux
) (./chapters/chapter-6.aux) (./back-matter/appendix-1.aux)
(./back-matter/appendix-2.aux) (./back-matter/vita.aux))
Package atveryend Info: Executing hook `AtVeryEndDocument' on input line 141.
Package atveryend Info: Executing hook `AtEndAfterFileList' on input line 141.
Package rerunfilecheck Info: File `biswas-thesis.out' has not changed.
(rerunfilecheck)             Checksum: 461C2A0D054E442C5A3F8D8839152C92;2762.
Package rerunfilecheck Info: File `biswas-thesis.brf' has not changed.
(rerunfilecheck)             Checksum: 8881A463E764E4EBC5FB52B2A0026A37;3121.
Package atveryend Info: Empty hook `AtVeryVeryEnd' on input line 141.
 ) 
Here is how much of TeX's memory you used:
 9708 strings out of 493046
 145867 string characters out of 6137253
 313793 words of memory out of 5000000
 12829 multiletter control sequences out of 15000+600000
 16460 words of font info for 65 fonts, out of 8000000 for 9000
 1137 hyphenation exceptions out of 8191
 39i,11n,50p,1547b,496s stack positions out of 5000i,500n,10000p,200000b,80000s
</usr/share/texlive/texmf-dist/fonts/type1/public/amsfonts/cm/cmbx12.pfb></us
r/share/texlive/texmf-dist/fonts/type1/public/amsfonts/cm/cmex10.pfb></usr/shar
e/texlive/texmf-dist/fonts/type1/public/amsfonts/cm/cmmi10.pfb></usr/share/texl
ive/texmf-dist/fonts/type1/public/amsfonts/cm/cmmi12.pfb></usr/share/texlive/te
xmf-dist/fonts/type1/public/amsfonts/cm/cmmi6.pfb></usr/share/texlive/texmf-dis
t/fonts/type1/public/amsfonts/cm/cmmi7.pfb></usr/share/texlive/texmf-dist/fonts
/type1/public/amsfonts/cm/cmmi8.pfb></usr/share/texlive/texmf-dist/fonts/type1/
public/amsfonts/cm/cmr12.pfb></usr/share/texlive/texmf-dist/fonts/type1/public/
amsfonts/cm/cmr17.pfb></usr/share/texlive/texmf-dist/fonts/type1/public/amsfont
s/cm/cmr6.pfb></usr/share/texlive/texmf-dist/fonts/type1/public/amsfonts/cm/cmr
8.pfb></usr/share/texlive/texmf-dist/fonts/type1/public/amsfonts/cm/cmss8.pfb><
/usr/share/texlive/texmf-dist/fonts/type1/public/amsfonts/cm/cmsy10.pfb></usr/s
hare/texlive/texmf-dist/fonts/type1/public/amsfonts/cm/cmsy8.pfb></usr/share/te
xlive/texmf-dist/fonts/type1/public/amsfonts/cm/cmti12.pfb></usr/share/texlive/
texmf-dist/fonts/type1/public/amsfonts/cm/cmti7.pfb></usr/share/texlive/texmf-d
ist/fonts/type1/public/amsfonts/symbols/msam10.pfb>
Output written on biswas-thesis.pdf (64 pages, 1510210 bytes).
PDF statistics:
 951 PDF objects out of 1000 (max. 8388607)
 789 compressed objects within 8 object streams
 174 named destinations out of 1000 (max. 500000)
 356 words of extra memory for PDF output out of 10000 (max. 10000000)

