\BOOKMARK [0][-]{rootNode.0}{Front Matter}{}% 1
\BOOKMARK [1][-]{a.1}{Title}{rootNode.0}% 2
\BOOKMARK [1][-]{b.1}{Dedication}{rootNode.0}% 3
\BOOKMARK [1][-]{c.1}{Acknowledgments}{rootNode.0}% 4
\BOOKMARK [1][-]{e.1}{Abstract}{rootNode.0}% 5
\BOOKMARK [0][-]{f.0}{Table of Contents}{}% 6
\BOOKMARK [0][-]{chapter.1}{1 Introduction}{}% 7
\BOOKMARK [0][-]{chapter.2}{2 Theoretical Background}{}% 8
\BOOKMARK [1][-]{section.2.1}{2.1 Quantum Chromodynamics}{chapter.2}% 9
\BOOKMARK [1][-]{section.2.2}{2.2 Phase Transitions}{chapter.2}% 10
\BOOKMARK [1][-]{section.2.3}{2.3 Quark-Gluon Plasma}{chapter.2}% 11
\BOOKMARK [0][-]{chapter.3}{3 Relativistic Heavy Ion Collisions}{}% 12
\BOOKMARK [1][-]{section.3.1}{3.1 RHIC and LHC}{chapter.3}% 13
\BOOKMARK [1][-]{section.3.2}{3.2 Collision Energy and Geometry}{chapter.3}% 14
\BOOKMARK [1][-]{section.3.3}{3.3 Kinematic Variables}{chapter.3}% 15
\BOOKMARK [1][-]{section.3.4}{3.4 QGP Evolution}{chapter.3}% 16
\BOOKMARK [1][-]{section.3.5}{3.5 Detection of Collision Products}{chapter.3}% 17
\BOOKMARK [1][-]{section.3.6}{3.6 Detection of QGP Signatures}{chapter.3}% 18
\BOOKMARK [2][-]{subsection.3.6.1}{3.6.1 Dilepton Production}{section.3.6}% 19
\BOOKMARK [2][-]{subsection.3.6.2}{3.6.2 Direct photons}{section.3.6}% 20
\BOOKMARK [2][-]{subsection.3.6.3}{3.6.3 Bjorken Energy Density}{section.3.6}% 21
\BOOKMARK [2][-]{subsection.3.6.4}{3.6.4 Collective Flow}{section.3.6}% 22
\BOOKMARK [2][-]{subsection.3.6.5}{3.6.5 Strangeness Enhancement}{section.3.6}% 23
\BOOKMARK [2][-]{subsection.3.6.6}{3.6.6 Jet Quenching}{section.3.6}% 24
\BOOKMARK [1][-]{section.3.7}{3.7 Transverse Energy}{chapter.3}% 25
\BOOKMARK [1][-]{section.3.8}{3.8 RHIC Beam Energy Scan Program}{chapter.3}% 26
\BOOKMARK [0][-]{chapter.4}{4 Measurement of Transverse Energy}{}% 27
\BOOKMARK [1][-]{section.4.1}{4.1 Definition of Transverse Energy}{chapter.4}% 28
\BOOKMARK [1][-]{section.4.2}{4.2 ET Measurement with Calorimeters}{chapter.4}% 29
\BOOKMARK [1][-]{section.4.3}{4.3 ET Measurement with Tracking Detectors}{chapter.4}% 30
\BOOKMARK [2][-]{subsection.4.3.1}{4.3.1 Calculation of dETd from pT spectra}{section.4.3}% 31
\BOOKMARK [2][-]{subsection.4.3.2}{4.3.2 Tracking Detectors in STAR}{section.4.3}% 32
\BOOKMARK [1][-]{section.4.4}{4.4 The Beam Energy Scan Program}{chapter.4}% 33
\BOOKMARK [2][-]{subsection.4.4.1}{4.4.1 BES Calorimetry}{section.4.4}% 34
\BOOKMARK [2][-]{subsection.4.4.2}{4.4.2 BES pT spectra}{section.4.4}% 35
\BOOKMARK [0][-]{chapter.5}{5 Data Analysis}{}% 36
\BOOKMARK [1][-]{section.5.1}{5.1 Extrapolation of Spectra}{chapter.5}% 37
\BOOKMARK [2][-]{subsection.5.1.1}{5.1.1 Boltzmann-Gibbs Blast Wave}{section.5.1}% 38
\BOOKMARK [0][-]{chapter.6}{6 Results}{}% 39
\BOOKMARK [0][-]{section*.20}{Bibliography}{}% 40
\BOOKMARK [0][-]{section*.21}{Appendices}{}% 41
